2019-12-14 11:24:54.960 [OfficeManagerPoolEntry-1] ERROR org.jodconverter.task.LocalConversionTask.execute(LocalConversionTask.java:119) - Local conversion failed.
com.sun.star.uno.RuntimeException: com.sun.star.lib.uno.environments.remote.JobQueue.removeJob - unexpected:java.lang.InterruptedException
	at com.sun.star.lib.uno.environments.remote.JobQueue.removeJob(JobQueue.java:222) ~[jurt-4.1.2.jar:?]
	at com.sun.star.lib.uno.environments.remote.JobQueue.enter(JobQueue.java:330) ~[jurt-4.1.2.jar:?]
	at com.sun.star.lib.uno.environments.remote.JobQueue.enter(JobQueue.java:303) ~[jurt-4.1.2.jar:?]
	at com.sun.star.lib.uno.environments.remote.JavaThreadPool.enter(JavaThreadPool.java:87) ~[jurt-4.1.2.jar:?]
	at com.sun.star.lib.uno.bridges.java_remote.java_remote_bridge.sendRequest(java_remote_bridge.java:636) ~[jurt-4.1.2.jar:?]
	at com.sun.star.lib.uno.bridges.java_remote.ProxyFactory$Handler.request(ProxyFactory.java:146) ~[jurt-4.1.2.jar:?]
	at com.sun.star.lib.uno.bridges.java_remote.ProxyFactory$Handler.invoke(ProxyFactory.java:128) ~[jurt-4.1.2.jar:?]
	at com.sun.proxy.$Proxy100.loadComponentFromURL(Unknown Source) ~[?:?]
	at org.jodconverter.task.AbstractLocalOfficeTask.loadDocument(AbstractLocalOfficeTask.java:105) ~[jodconverter-local-4.2.2.jar:4.2.2]
	at org.jodconverter.task.LocalConversionTask.execute(LocalConversionTask.java:105) [jodconverter-local-4.2.2.jar:4.2.2]
	at org.jodconverter.office.OfficeProcessManagerPoolEntry.doExecute(OfficeProcessManagerPoolEntry.java:148) [jodconverter-local-4.2.2.jar:4.2.2]
	at org.jodconverter.office.AbstractOfficeManagerPoolEntry$1.call(AbstractOfficeManagerPoolEntry.java:77) [jodconverter-core-4.2.2.jar:4.2.2]
	at org.jodconverter.office.AbstractOfficeManagerPoolEntry$1.call(AbstractOfficeManagerPoolEntry.java:73) [jodconverter-core-4.2.2.jar:4.2.2]
	at java.util.concurrent.FutureTask.run(FutureTask.java:266) [?:1.8.0_191]
	at java.util.concurrent.ThreadPoolExecutor.runWorker(ThreadPoolExecutor.java:1149) [?:1.8.0_191]
	at java.util.concurrent.ThreadPoolExecutor$Worker.run(ThreadPoolExecutor.java:624) [?:1.8.0_191]
	at java.lang.Thread.run(Thread.java:748) [?:1.8.0_191]
2019-12-14 11:26:42.063 [OfficeManagerPoolEntry-1] ERROR org.jodconverter.task.LocalConversionTask.execute(LocalConversionTask.java:119) - Local conversion failed.
com.sun.star.lang.DisposedException: null
	at com.sun.star.lib.uno.environments.remote.JobQueue.removeJob(JobQueue.java:210) ~[jurt-4.1.2.jar:?]
	at com.sun.star.lib.uno.environments.remote.JobQueue.enter(JobQueue.java:330) ~[jurt-4.1.2.jar:?]
	at com.sun.star.lib.uno.environments.remote.JobQueue.enter(JobQueue.java:303) ~[jurt-4.1.2.jar:?]
	at com.sun.star.lib.uno.environments.remote.JavaThreadPool.enter(JavaThreadPool.java:87) ~[jurt-4.1.2.jar:?]
	at com.sun.star.lib.uno.bridges.java_remote.java_remote_bridge.sendRequest(java_remote_bridge.java:636) ~[jurt-4.1.2.jar:?]
	at com.sun.star.lib.uno.bridges.java_remote.ProxyFactory$Handler.request(ProxyFactory.java:146) ~[jurt-4.1.2.jar:?]
	at com.sun.star.lib.uno.bridges.java_remote.ProxyFactory$Handler.invoke(ProxyFactory.java:128) ~[jurt-4.1.2.jar:?]
	at com.sun.proxy.$Proxy100.loadComponentFromURL(Unknown Source) ~[?:?]
	at org.jodconverter.task.AbstractLocalOfficeTask.loadDocument(AbstractLocalOfficeTask.java:105) ~[jodconverter-local-4.2.2.jar:4.2.2]
	at org.jodconverter.task.LocalConversionTask.execute(LocalConversionTask.java:105) [jodconverter-local-4.2.2.jar:4.2.2]
	at org.jodconverter.office.OfficeProcessManagerPoolEntry.doExecute(OfficeProcessManagerPoolEntry.java:148) [jodconverter-local-4.2.2.jar:4.2.2]
	at org.jodconverter.office.AbstractOfficeManagerPoolEntry$1.call(AbstractOfficeManagerPoolEntry.java:77) [jodconverter-core-4.2.2.jar:4.2.2]
	at org.jodconverter.office.AbstractOfficeManagerPoolEntry$1.call(AbstractOfficeManagerPoolEntry.java:73) [jodconverter-core-4.2.2.jar:4.2.2]
	at java.util.concurrent.FutureTask.run(FutureTask.java:266) [?:1.8.0_191]
	at java.util.concurrent.ThreadPoolExecutor.runWorker(ThreadPoolExecutor.java:1149) [?:1.8.0_191]
	at java.util.concurrent.ThreadPoolExecutor$Worker.run(ThreadPoolExecutor.java:624) [?:1.8.0_191]
	at java.lang.Thread.run(Thread.java:748) [?:1.8.0_191]
Caused by: java.io.IOException: com.sun.star.io.IOException: java.net.SocketException: Connection reset
	at com.sun.star.lib.uno.bridges.java_remote.XConnectionInputStream_Adapter.read(XConnectionInputStream_Adapter.java:55) ~[jurt-4.1.2.jar:?]
	at java.io.DataInputStream.readInt(DataInputStream.java:387) ~[?:1.8.0_191]
	at com.sun.star.lib.uno.protocols.urp.urp.readBlock(urp.java:355) ~[jurt-4.1.2.jar:?]
	at com.sun.star.lib.uno.protocols.urp.urp.readMessage(urp.java:92) ~[jurt-4.1.2.jar:?]
	at com.sun.star.lib.uno.bridges.java_remote.java_remote_bridge$MessageDispatcher.run(java_remote_bridge.java:105) ~[jurt-4.1.2.jar:?]
2019-12-14 11:36:06.495 [OfficeManagerPoolEntry-1] ERROR org.jodconverter.task.LocalConversionTask.execute(LocalConversionTask.java:119) - Local conversion failed.
com.sun.star.uno.RuntimeException: com.sun.star.lib.uno.environments.remote.JobQueue.removeJob - unexpected:java.lang.InterruptedException
	at com.sun.star.lib.uno.environments.remote.JobQueue.removeJob(JobQueue.java:222) ~[jurt-4.1.2.jar:?]
	at com.sun.star.lib.uno.environments.remote.JobQueue.enter(JobQueue.java:330) ~[jurt-4.1.2.jar:?]
	at com.sun.star.lib.uno.environments.remote.JobQueue.enter(JobQueue.java:303) ~[jurt-4.1.2.jar:?]
	at com.sun.star.lib.uno.environments.remote.JavaThreadPool.enter(JavaThreadPool.java:87) ~[jurt-4.1.2.jar:?]
	at com.sun.star.lib.uno.bridges.java_remote.java_remote_bridge.sendRequest(java_remote_bridge.java:636) ~[jurt-4.1.2.jar:?]
	at com.sun.star.lib.uno.bridges.java_remote.ProxyFactory$Handler.request(ProxyFactory.java:146) ~[jurt-4.1.2.jar:?]
	at com.sun.star.lib.uno.bridges.java_remote.ProxyFactory$Handler.invoke(ProxyFactory.java:128) ~[jurt-4.1.2.jar:?]
	at com.sun.proxy.$Proxy100.loadComponentFromURL(Unknown Source) ~[?:?]
	at org.jodconverter.task.AbstractLocalOfficeTask.loadDocument(AbstractLocalOfficeTask.java:105) ~[jodconverter-local-4.2.2.jar:4.2.2]
	at org.jodconverter.task.LocalConversionTask.execute(LocalConversionTask.java:105) [jodconverter-local-4.2.2.jar:4.2.2]
	at org.jodconverter.office.OfficeProcessManagerPoolEntry.doExecute(OfficeProcessManagerPoolEntry.java:148) [jodconverter-local-4.2.2.jar:4.2.2]
	at org.jodconverter.office.AbstractOfficeManagerPoolEntry$1.call(AbstractOfficeManagerPoolEntry.java:77) [jodconverter-core-4.2.2.jar:4.2.2]
	at org.jodconverter.office.AbstractOfficeManagerPoolEntry$1.call(AbstractOfficeManagerPoolEntry.java:73) [jodconverter-core-4.2.2.jar:4.2.2]
	at java.util.concurrent.FutureTask.run(FutureTask.java:266) [?:1.8.0_191]
	at java.util.concurrent.ThreadPoolExecutor.runWorker(ThreadPoolExecutor.java:1149) [?:1.8.0_191]
	at java.util.concurrent.ThreadPoolExecutor$Worker.run(ThreadPoolExecutor.java:624) [?:1.8.0_191]
	at java.lang.Thread.run(Thread.java:748) [?:1.8.0_191]
2019-12-14 11:41:47.869 [OfficeManagerPoolEntry-1] ERROR org.jodconverter.task.LocalConversionTask.execute(LocalConversionTask.java:119) - Local conversion failed.
com.sun.star.uno.RuntimeException: com.sun.star.lib.uno.environments.remote.JobQueue.removeJob - unexpected:java.lang.InterruptedException
	at com.sun.star.lib.uno.environments.remote.JobQueue.removeJob(JobQueue.java:222) ~[jurt-4.1.2.jar:?]
	at com.sun.star.lib.uno.environments.remote.JobQueue.enter(JobQueue.java:330) ~[jurt-4.1.2.jar:?]
	at com.sun.star.lib.uno.environments.remote.JobQueue.enter(JobQueue.java:303) ~[jurt-4.1.2.jar:?]
	at com.sun.star.lib.uno.environments.remote.JavaThreadPool.enter(JavaThreadPool.java:87) ~[jurt-4.1.2.jar:?]
	at com.sun.star.lib.uno.bridges.java_remote.java_remote_bridge.sendRequest(java_remote_bridge.java:636) ~[jurt-4.1.2.jar:?]
	at com.sun.star.lib.uno.bridges.java_remote.ProxyFactory$Handler.request(ProxyFactory.java:146) ~[jurt-4.1.2.jar:?]
	at com.sun.star.lib.uno.bridges.java_remote.ProxyFactory$Handler.invoke(ProxyFactory.java:128) ~[jurt-4.1.2.jar:?]
	at com.sun.proxy.$Proxy100.loadComponentFromURL(Unknown Source) ~[?:?]
	at org.jodconverter.task.AbstractLocalOfficeTask.loadDocument(AbstractLocalOfficeTask.java:105) ~[jodconverter-local-4.2.2.jar:4.2.2]
	at org.jodconverter.task.LocalConversionTask.execute(LocalConversionTask.java:105) [jodconverter-local-4.2.2.jar:4.2.2]
	at org.jodconverter.office.OfficeProcessManagerPoolEntry.doExecute(OfficeProcessManagerPoolEntry.java:148) [jodconverter-local-4.2.2.jar:4.2.2]
	at org.jodconverter.office.AbstractOfficeManagerPoolEntry$1.call(AbstractOfficeManagerPoolEntry.java:77) [jodconverter-core-4.2.2.jar:4.2.2]
	at org.jodconverter.office.AbstractOfficeManagerPoolEntry$1.call(AbstractOfficeManagerPoolEntry.java:73) [jodconverter-core-4.2.2.jar:4.2.2]
	at java.util.concurrent.FutureTask.run(FutureTask.java:266) [?:1.8.0_191]
	at java.util.concurrent.ThreadPoolExecutor.runWorker(ThreadPoolExecutor.java:1149) [?:1.8.0_191]
	at java.util.concurrent.ThreadPoolExecutor$Worker.run(ThreadPoolExecutor.java:624) [?:1.8.0_191]
	at java.lang.Thread.run(Thread.java:748) [?:1.8.0_191]
2019-12-14 11:43:57.910 [OfficeManagerPoolEntry-1] ERROR org.jodconverter.task.LocalConversionTask.execute(LocalConversionTask.java:119) - Local conversion failed.
com.sun.star.uno.RuntimeException: com.sun.star.lib.uno.environments.remote.JobQueue.removeJob - unexpected:java.lang.InterruptedException
	at com.sun.star.lib.uno.environments.remote.JobQueue.removeJob(JobQueue.java:222) ~[jurt-4.1.2.jar:?]
	at com.sun.star.lib.uno.environments.remote.JobQueue.enter(JobQueue.java:330) ~[jurt-4.1.2.jar:?]
	at com.sun.star.lib.uno.environments.remote.JobQueue.enter(JobQueue.java:303) ~[jurt-4.1.2.jar:?]
	at com.sun.star.lib.uno.environments.remote.JavaThreadPool.enter(JavaThreadPool.java:87) ~[jurt-4.1.2.jar:?]
	at com.sun.star.lib.uno.bridges.java_remote.java_remote_bridge.sendRequest(java_remote_bridge.java:636) ~[jurt-4.1.2.jar:?]
	at com.sun.star.lib.uno.bridges.java_remote.ProxyFactory$Handler.request(ProxyFactory.java:146) ~[jurt-4.1.2.jar:?]
	at com.sun.star.lib.uno.bridges.java_remote.ProxyFactory$Handler.invoke(ProxyFactory.java:128) ~[jurt-4.1.2.jar:?]
	at com.sun.proxy.$Proxy100.loadComponentFromURL(Unknown Source) ~[?:?]
	at org.jodconverter.task.AbstractLocalOfficeTask.loadDocument(AbstractLocalOfficeTask.java:105) ~[jodconverter-local-4.2.2.jar:4.2.2]
	at org.jodconverter.task.LocalConversionTask.execute(LocalConversionTask.java:105) [jodconverter-local-4.2.2.jar:4.2.2]
	at org.jodconverter.office.OfficeProcessManagerPoolEntry.doExecute(OfficeProcessManagerPoolEntry.java:148) [jodconverter-local-4.2.2.jar:4.2.2]
	at org.jodconverter.office.AbstractOfficeManagerPoolEntry$1.call(AbstractOfficeManagerPoolEntry.java:77) [jodconverter-core-4.2.2.jar:4.2.2]
	at org.jodconverter.office.AbstractOfficeManagerPoolEntry$1.call(AbstractOfficeManagerPoolEntry.java:73) [jodconverter-core-4.2.2.jar:4.2.2]
	at java.util.concurrent.FutureTask.run(FutureTask.java:266) [?:1.8.0_191]
	at java.util.concurrent.ThreadPoolExecutor.runWorker(ThreadPoolExecutor.java:1149) [?:1.8.0_191]
	at java.util.concurrent.ThreadPoolExecutor$Worker.run(ThreadPoolExecutor.java:624) [?:1.8.0_191]
	at java.lang.Thread.run(Thread.java:748) [?:1.8.0_191]
2019-12-14 11:59:16.399 [OfficeManagerPoolEntry-1] ERROR org.jodconverter.task.LocalConversionTask.execute(LocalConversionTask.java:119) - Local conversion failed.
com.sun.star.uno.RuntimeException: com.sun.star.lib.uno.environments.remote.JobQueue.removeJob - unexpected:java.lang.InterruptedException
	at com.sun.star.lib.uno.environments.remote.JobQueue.removeJob(JobQueue.java:222) ~[jurt-4.1.2.jar:?]
	at com.sun.star.lib.uno.environments.remote.JobQueue.enter(JobQueue.java:330) ~[jurt-4.1.2.jar:?]
	at com.sun.star.lib.uno.environments.remote.JobQueue.enter(JobQueue.java:303) ~[jurt-4.1.2.jar:?]
	at com.sun.star.lib.uno.environments.remote.JavaThreadPool.enter(JavaThreadPool.java:87) ~[jurt-4.1.2.jar:?]
	at com.sun.star.lib.uno.bridges.java_remote.java_remote_bridge.sendRequest(java_remote_bridge.java:636) ~[jurt-4.1.2.jar:?]
	at com.sun.star.lib.uno.bridges.java_remote.ProxyFactory$Handler.request(ProxyFactory.java:146) ~[jurt-4.1.2.jar:?]
	at com.sun.star.lib.uno.bridges.java_remote.ProxyFactory$Handler.invoke(ProxyFactory.java:128) ~[jurt-4.1.2.jar:?]
	at com.sun.proxy.$Proxy100.loadComponentFromURL(Unknown Source) ~[?:?]
	at org.jodconverter.task.AbstractLocalOfficeTask.loadDocument(AbstractLocalOfficeTask.java:105) ~[jodconverter-local-4.2.2.jar:4.2.2]
	at org.jodconverter.task.LocalConversionTask.execute(LocalConversionTask.java:105) [jodconverter-local-4.2.2.jar:4.2.2]
	at org.jodconverter.office.OfficeProcessManagerPoolEntry.doExecute(OfficeProcessManagerPoolEntry.java:148) [jodconverter-local-4.2.2.jar:4.2.2]
	at org.jodconverter.office.AbstractOfficeManagerPoolEntry$1.call(AbstractOfficeManagerPoolEntry.java:77) [jodconverter-core-4.2.2.jar:4.2.2]
	at org.jodconverter.office.AbstractOfficeManagerPoolEntry$1.call(AbstractOfficeManagerPoolEntry.java:73) [jodconverter-core-4.2.2.jar:4.2.2]
	at java.util.concurrent.FutureTask.run(FutureTask.java:266) [?:1.8.0_191]
	at java.util.concurrent.ThreadPoolExecutor.runWorker(ThreadPoolExecutor.java:1149) [?:1.8.0_191]
	at java.util.concurrent.ThreadPoolExecutor$Worker.run(ThreadPoolExecutor.java:624) [?:1.8.0_191]
	at java.lang.Thread.run(Thread.java:748) [?:1.8.0_191]
2019-12-14 13:26:27.870 [http-nio-8088-exec-5] ERROR com.juxue.util.FileUtil.excuteFileUpload(FileUtil.java:53) - 文件路径找不到：class path resource [] cannot be resolved to URL because it does not exist
