2019-10-25 10:24:47.194 [main] INFO  org.springframework.boot.StartupInfoLogger.logStarting(StartupInfoLogger.java:50) - Starting Application on DESKTOP-9B1Q9MI with PID 10388 (E:\customer_web\target\classes started by wx18 in E:\customer_web)
2019-10-25 10:24:47.263 [main] INFO  org.springframework.boot.SpringApplication.logStartupProfileInfo(SpringApplication.java:662) - No active profile set, falling back to default profiles: default
2019-10-25 10:24:47.314 [main] INFO  org.springframework.context.support.AbstractApplicationContext.prepareRefresh(AbstractApplicationContext.java:590) - Refreshing org.springframework.boot.web.servlet.context.AnnotationConfigServletWebServerApplicationContext@38467116: startup date [Fri Oct 25 10:24:47 CST 2019]; root of context hierarchy
2019-10-25 10:24:48.604 [main] INFO  org.springframework.context.support.PostProcessorRegistrationDelegate$BeanPostProcessorChecker.postProcessAfterInitialization(PostProcessorRegistrationDelegate.java:326) - Bean 'asynConfig' of type [com.juxue.config.servlet.AsynConfig$$EnhancerBySpringCGLIB$$acd7880d] is not eligible for getting processed by all BeanPostProcessors (for example: not eligible for auto-proxying)
2019-10-25 10:24:48.612 [main] INFO  com.juxue.config.servlet.AsynConfig.getAsyncExecutor(AsynConfig.java:29) - ----多线程初始化
2019-10-25 10:24:48.615 [main] INFO  org.springframework.scheduling.concurrent.ExecutorConfigurationSupport.initialize(ExecutorConfigurationSupport.java:171) - Initializing ExecutorService 
2019-10-25 10:24:48.622 [main] INFO  org.springframework.scheduling.concurrent.ExecutorConfigurationSupport.initialize(ExecutorConfigurationSupport.java:171) - Initializing ExecutorService  'getAsyncExecutor'
2019-10-25 10:24:48.623 [main] INFO  org.springframework.context.support.PostProcessorRegistrationDelegate$BeanPostProcessorChecker.postProcessAfterInitialization(PostProcessorRegistrationDelegate.java:326) - Bean 'getAsyncExecutor' of type [org.springframework.scheduling.concurrent.ThreadPoolTaskExecutor] is not eligible for getting processed by all BeanPostProcessors (for example: not eligible for auto-proxying)
2019-10-25 10:24:49.042 [main] INFO  org.springframework.boot.web.embedded.tomcat.TomcatWebServer.initialize(TomcatWebServer.java:91) - Tomcat initialized with port(s): 8088 (http)
2019-10-25 10:24:49.053 [main] INFO  org.apache.juli.logging.DirectJDKLog.log(DirectJDKLog.java:180) - Initializing ProtocolHandler ["http-nio-8088"]
2019-10-25 10:24:49.060 [main] INFO  org.apache.juli.logging.DirectJDKLog.log(DirectJDKLog.java:180) - Starting service [Tomcat]
2019-10-25 10:24:49.061 [main] INFO  org.apache.juli.logging.DirectJDKLog.log(DirectJDKLog.java:180) - Starting Servlet Engine: Apache Tomcat/8.5.32
2019-10-25 10:24:49.064 [localhost-startStop-1] INFO  org.apache.juli.logging.DirectJDKLog.log(DirectJDKLog.java:180) - The APR based Apache Tomcat Native library which allows optimal performance in production environments was not found on the java.library.path: [D:\amp\jdk8\bin;C:\Windows\Sun\Java\bin;C:\Windows\system32;C:\Windows;C:\Program Files (x86)\Common Files\Oracle\Java\javapath;C:\Windows\system32;C:\Windows;C:\Windows\System32\Wbem;C:\Windows\System32\WindowsPowerShell\v1.0\;C:\Program Files\dotnet\;D:amp\apache-maven\bin;C:\Program Files\Git\cmd;C:\Program Files\TortoiseSVN\bin;D:\amp\jdk11\bin;C:\Program Files\MySQL\MySQL Server 5.5\bin;D:\node\;D:\amp\Go\bin;C:\Program Files\erl10.3\\bin;E:\goWork\bin;C:\Users\wx18\AppData\Local\Microsoft\WindowsApps;C:\Users\wx18\AppData\Roaming\npm;C:\Users\wx18\AppData\Local\Programs\Microsoft VS Code\bin;C:\Users\wx18\AppData\Local\atom\bin;;C:\Program Files\JetBrains\GoLand 2019.2.3\bin;;.]
2019-10-25 10:24:49.148 [localhost-startStop-1] INFO  org.apache.juli.logging.DirectJDKLog.log(DirectJDKLog.java:180) - Initializing Spring embedded WebApplicationContext
2019-10-25 10:24:49.149 [localhost-startStop-1] INFO  org.springframework.boot.web.servlet.context.ServletWebServerApplicationContext.prepareWebApplicationContext(ServletWebServerApplicationContext.java:285) - Root WebApplicationContext: initialization completed in 1836 ms
2019-10-25 10:24:49.173 [localhost-startStop-1] INFO  org.springframework.boot.web.servlet.ServletRegistrationBean.addRegistration(ServletRegistrationBean.java:187) - Servlet dispatcherServlet mapped to [/]
2019-10-25 10:24:49.176 [localhost-startStop-1] INFO  org.springframework.boot.web.servlet.AbstractFilterRegistrationBean.configure(AbstractFilterRegistrationBean.java:245) - Mapping filter: 'characterEncodingFilter' to: [/*]
2019-10-25 10:24:49.540 [main] INFO  org.springframework.web.servlet.handler.AbstractHandlerMethodMapping$MappingRegistry.register(AbstractHandlerMethodMapping.java:547) - Mapped "{[/exEmpRemoteInfor],methods=[POST],consumes=[application/json]}" onto public synchronized com.juxue.domain.APiResult com.juxue.web.controller.CustomerContoller.getCusDeptToUserInfo(com.juxue.entity.ExEmp)
2019-10-25 10:24:49.541 [main] INFO  org.springframework.web.servlet.handler.AbstractHandlerMethodMapping$MappingRegistry.register(AbstractHandlerMethodMapping.java:547) - Mapped "{[/getFileRecordTime],methods=[POST]}" onto public static java.lang.String com.juxue.web.controller.CustomerContoller.getFileRecordTime(java.lang.String)
2019-10-25 10:24:49.544 [main] INFO  org.springframework.web.servlet.handler.AbstractHandlerMethodMapping$MappingRegistry.register(AbstractHandlerMethodMapping.java:547) - Mapped "{[/swagger-resources/configuration/security]}" onto public org.springframework.http.ResponseEntity<springfox.documentation.swagger.web.SecurityConfiguration> springfox.documentation.swagger.web.ApiResourceController.securityConfiguration()
2019-10-25 10:24:49.545 [main] INFO  org.springframework.web.servlet.handler.AbstractHandlerMethodMapping$MappingRegistry.register(AbstractHandlerMethodMapping.java:547) - Mapped "{[/swagger-resources/configuration/ui]}" onto public org.springframework.http.ResponseEntity<springfox.documentation.swagger.web.UiConfiguration> springfox.documentation.swagger.web.ApiResourceController.uiConfiguration()
2019-10-25 10:24:49.546 [main] INFO  org.springframework.web.servlet.handler.AbstractHandlerMethodMapping$MappingRegistry.register(AbstractHandlerMethodMapping.java:547) - Mapped "{[/swagger-resources]}" onto public org.springframework.http.ResponseEntity<java.util.List<springfox.documentation.swagger.web.SwaggerResource>> springfox.documentation.swagger.web.ApiResourceController.swaggerResources()
2019-10-25 10:24:49.550 [main] INFO  org.springframework.web.servlet.handler.AbstractHandlerMethodMapping$MappingRegistry.register(AbstractHandlerMethodMapping.java:547) - Mapped "{[/error]}" onto public org.springframework.http.ResponseEntity<java.util.Map<java.lang.String, java.lang.Object>> org.springframework.boot.autoconfigure.web.servlet.error.BasicErrorController.error(javax.servlet.http.HttpServletRequest)
2019-10-25 10:24:49.551 [main] INFO  org.springframework.web.servlet.handler.AbstractHandlerMethodMapping$MappingRegistry.register(AbstractHandlerMethodMapping.java:547) - Mapped "{[/error],produces=[text/html]}" onto public org.springframework.web.servlet.ModelAndView org.springframework.boot.autoconfigure.web.servlet.error.BasicErrorController.errorHtml(javax.servlet.http.HttpServletRequest,javax.servlet.http.HttpServletResponse)
2019-10-25 10:24:49.660 [main] INFO  org.springframework.web.servlet.handler.AbstractUrlHandlerMapping.registerHandler(AbstractUrlHandlerMapping.java:373) - Mapped URL path [/swagger-ui.html] onto handler of type [class org.springframework.web.servlet.resource.ResourceHttpRequestHandler]
2019-10-25 10:24:49.660 [main] INFO  org.springframework.web.servlet.handler.AbstractUrlHandlerMapping.registerHandler(AbstractUrlHandlerMapping.java:373) - Mapped URL path [/webjars/**] onto handler of type [class org.springframework.web.servlet.resource.ResourceHttpRequestHandler]
2019-10-25 10:24:49.660 [main] INFO  org.springframework.web.servlet.handler.AbstractUrlHandlerMapping.registerHandler(AbstractUrlHandlerMapping.java:373) - Mapped URL path [/doc.html] onto handler of type [class org.springframework.web.servlet.resource.ResourceHttpRequestHandler]
2019-10-25 10:24:49.699 [main] INFO  org.springframework.web.servlet.mvc.method.annotation.RequestMappingHandlerAdapter.initControllerAdviceCache(RequestMappingHandlerAdapter.java:574) - Looking for @ControllerAdvice: org.springframework.boot.web.servlet.context.AnnotationConfigServletWebServerApplicationContext@38467116: startup date [Fri Oct 25 10:24:47 CST 2019]; root of context hierarchy
2019-10-25 10:24:49.758 [main] INFO  springfox.documentation.spring.web.PropertySourcedRequestMappingHandlerMapping.initHandlerMethods(PropertySourcedRequestMappingHandlerMapping.java:69) - Mapped URL path [/v2/api-docs] onto method [public org.springframework.http.ResponseEntity<springfox.documentation.spring.web.json.Json> springfox.documentation.swagger2.web.Swagger2Controller.getDocumentation(java.lang.String,javax.servlet.http.HttpServletRequest)]
2019-10-25 10:24:49.984 [main] INFO  org.springframework.jmx.export.MBeanExporter.afterSingletonsInstantiated(MBeanExporter.java:433) - Registering beans for JMX exposure on startup
2019-10-25 10:24:49.992 [main] INFO  org.springframework.context.support.DefaultLifecycleProcessor$LifecycleGroup.start(DefaultLifecycleProcessor.java:351) - Starting beans in phase 2147483647
2019-10-25 10:24:49.992 [main] INFO  springfox.documentation.spring.web.plugins.DocumentationPluginsBootstrapper.start(DocumentationPluginsBootstrapper.java:160) - Context refreshed
2019-10-25 10:24:50.006 [main] INFO  springfox.documentation.spring.web.plugins.DocumentationPluginsBootstrapper.start(DocumentationPluginsBootstrapper.java:163) - Found 1 custom documentation plugin(s)
2019-10-25 10:24:50.041 [main] INFO  springfox.documentation.spring.web.scanners.ApiListingReferenceScanner.scan(ApiListingReferenceScanner.java:41) - Scanning for api listing references
2019-10-25 10:24:50.231 [main] INFO  org.apache.juli.logging.DirectJDKLog.log(DirectJDKLog.java:180) - Starting ProtocolHandler ["http-nio-8088"]
2019-10-25 10:24:50.241 [main] INFO  org.apache.juli.logging.DirectJDKLog.log(DirectJDKLog.java:180) - Using a shared selector for servlet write/read
2019-10-25 10:24:50.262 [main] INFO  org.springframework.boot.web.embedded.tomcat.TomcatWebServer.start(TomcatWebServer.java:206) - Tomcat started on port(s): 8088 (http) with context path '/cmsTurn'
2019-10-25 10:24:50.265 [main] INFO  org.springframework.boot.StartupInfoLogger.logStarted(StartupInfoLogger.java:59) - Started Application in 3.624 seconds (JVM running for 5.146)
2019-10-25 10:25:55.662 [http-nio-8088-exec-1] INFO  org.apache.juli.logging.DirectJDKLog.log(DirectJDKLog.java:180) - Initializing Spring FrameworkServlet 'dispatcherServlet'
2019-10-25 10:25:55.662 [http-nio-8088-exec-1] INFO  org.springframework.web.servlet.FrameworkServlet.initServletBean(FrameworkServlet.java:494) - FrameworkServlet 'dispatcherServlet': initialization started
2019-10-25 10:25:55.680 [http-nio-8088-exec-1] INFO  org.springframework.web.servlet.FrameworkServlet.initServletBean(FrameworkServlet.java:509) - FrameworkServlet 'dispatcherServlet': initialization completed in 18 ms
2019-10-25 10:26:03.279 [http-nio-8088-exec-7] INFO  com.juxue.web.controller.CustomerContoller.getFileRecordTime(CustomerContoller.java:84) - 产生录音的时长:304.22 秒
2019-10-25 13:17:12.317 [main] INFO  org.springframework.boot.StartupInfoLogger.logStarting(StartupInfoLogger.java:50) - Starting Application on DESKTOP-9B1Q9MI with PID 340 (E:\customer_web\target\classes started by wx18 in E:\customer_web)
2019-10-25 13:17:12.368 [main] INFO  org.springframework.boot.SpringApplication.logStartupProfileInfo(SpringApplication.java:662) - No active profile set, falling back to default profiles: default
2019-10-25 13:17:12.423 [main] INFO  org.springframework.context.support.AbstractApplicationContext.prepareRefresh(AbstractApplicationContext.java:590) - Refreshing org.springframework.boot.web.servlet.context.AnnotationConfigServletWebServerApplicationContext@65f8f5ae: startup date [Fri Oct 25 13:17:12 CST 2019]; root of context hierarchy
2019-10-25 13:17:14.292 [main] INFO  org.springframework.context.support.PostProcessorRegistrationDelegate$BeanPostProcessorChecker.postProcessAfterInitialization(PostProcessorRegistrationDelegate.java:326) - Bean 'asynConfig' of type [com.juxue.config.servlet.AsynConfig$$EnhancerBySpringCGLIB$$e4b20cfd] is not eligible for getting processed by all BeanPostProcessors (for example: not eligible for auto-proxying)
2019-10-25 13:17:14.299 [main] INFO  com.juxue.config.servlet.AsynConfig.getAsyncExecutor(AsynConfig.java:29) - ----多线程初始化
2019-10-25 13:17:14.301 [main] INFO  org.springframework.scheduling.concurrent.ExecutorConfigurationSupport.initialize(ExecutorConfigurationSupport.java:171) - Initializing ExecutorService 
2019-10-25 13:17:14.309 [main] INFO  org.springframework.scheduling.concurrent.ExecutorConfigurationSupport.initialize(ExecutorConfigurationSupport.java:171) - Initializing ExecutorService  'getAsyncExecutor'
2019-10-25 13:17:14.309 [main] INFO  org.springframework.context.support.PostProcessorRegistrationDelegate$BeanPostProcessorChecker.postProcessAfterInitialization(PostProcessorRegistrationDelegate.java:326) - Bean 'getAsyncExecutor' of type [org.springframework.scheduling.concurrent.ThreadPoolTaskExecutor] is not eligible for getting processed by all BeanPostProcessors (for example: not eligible for auto-proxying)
2019-10-25 13:17:14.898 [main] INFO  org.springframework.boot.web.embedded.tomcat.TomcatWebServer.initialize(TomcatWebServer.java:91) - Tomcat initialized with port(s): 8088 (http)
2019-10-25 13:17:14.930 [main] INFO  org.apache.juli.logging.DirectJDKLog.log(DirectJDKLog.java:180) - Initializing ProtocolHandler ["http-nio-8088"]
2019-10-25 13:17:14.942 [main] INFO  org.apache.juli.logging.DirectJDKLog.log(DirectJDKLog.java:180) - Starting service [Tomcat]
2019-10-25 13:17:14.943 [main] INFO  org.apache.juli.logging.DirectJDKLog.log(DirectJDKLog.java:180) - Starting Servlet Engine: Apache Tomcat/8.5.32
2019-10-25 13:17:14.955 [localhost-startStop-1] INFO  org.apache.juli.logging.DirectJDKLog.log(DirectJDKLog.java:180) - The APR based Apache Tomcat Native library which allows optimal performance in production environments was not found on the java.library.path: [D:\amp\jdk8\bin;C:\Windows\Sun\Java\bin;C:\Windows\system32;C:\Windows;C:\Program Files (x86)\Common Files\Oracle\Java\javapath;C:\Windows\system32;C:\Windows;C:\Windows\System32\Wbem;C:\Windows\System32\WindowsPowerShell\v1.0\;C:\Program Files\dotnet\;D:amp\apache-maven\bin;C:\Program Files\Git\cmd;C:\Program Files\TortoiseSVN\bin;D:\amp\jdk11\bin;C:\Program Files\MySQL\MySQL Server 5.5\bin;D:\node\;D:\amp\Go\bin;C:\Program Files\erl10.3\\bin;E:\goWork\bin;C:\Users\wx18\AppData\Local\Microsoft\WindowsApps;C:\Users\wx18\AppData\Roaming\npm;C:\Users\wx18\AppData\Local\Programs\Microsoft VS Code\bin;C:\Users\wx18\AppData\Local\atom\bin;;C:\Program Files\JetBrains\GoLand 2019.2.3\bin;;.]
2019-10-25 13:17:15.059 [localhost-startStop-1] INFO  org.apache.juli.logging.DirectJDKLog.log(DirectJDKLog.java:180) - Initializing Spring embedded WebApplicationContext
2019-10-25 13:17:15.059 [localhost-startStop-1] INFO  org.springframework.boot.web.servlet.context.ServletWebServerApplicationContext.prepareWebApplicationContext(ServletWebServerApplicationContext.java:285) - Root WebApplicationContext: initialization completed in 2636 ms
2019-10-25 13:17:15.099 [localhost-startStop-1] INFO  org.springframework.boot.web.servlet.ServletRegistrationBean.addRegistration(ServletRegistrationBean.java:187) - Servlet dispatcherServlet mapped to [/]
2019-10-25 13:17:15.103 [localhost-startStop-1] INFO  org.springframework.boot.web.servlet.AbstractFilterRegistrationBean.configure(AbstractFilterRegistrationBean.java:245) - Mapping filter: 'characterEncodingFilter' to: [/*]
2019-10-25 13:17:15.766 [main] INFO  org.springframework.web.servlet.handler.AbstractHandlerMethodMapping$MappingRegistry.register(AbstractHandlerMethodMapping.java:547) - Mapped "{[/exEmpRemoteInfor],methods=[POST],consumes=[application/json]}" onto public synchronized com.juxue.domain.APiResult com.juxue.web.controller.CustomerContoller.getCusDeptToUserInfo(com.juxue.entity.ExEmp)
2019-10-25 13:17:15.767 [main] INFO  org.springframework.web.servlet.handler.AbstractHandlerMethodMapping$MappingRegistry.register(AbstractHandlerMethodMapping.java:547) - Mapped "{[/getFileRecordTime],methods=[POST]}" onto public static java.lang.String com.juxue.web.controller.CustomerContoller.getFileRecordTime(java.lang.String)
2019-10-25 13:17:15.770 [main] INFO  org.springframework.web.servlet.handler.AbstractHandlerMethodMapping$MappingRegistry.register(AbstractHandlerMethodMapping.java:547) - Mapped "{[/swagger-resources/configuration/security]}" onto public org.springframework.http.ResponseEntity<springfox.documentation.swagger.web.SecurityConfiguration> springfox.documentation.swagger.web.ApiResourceController.securityConfiguration()
2019-10-25 13:17:15.771 [main] INFO  org.springframework.web.servlet.handler.AbstractHandlerMethodMapping$MappingRegistry.register(AbstractHandlerMethodMapping.java:547) - Mapped "{[/swagger-resources/configuration/ui]}" onto public org.springframework.http.ResponseEntity<springfox.documentation.swagger.web.UiConfiguration> springfox.documentation.swagger.web.ApiResourceController.uiConfiguration()
2019-10-25 13:17:15.772 [main] INFO  org.springframework.web.servlet.handler.AbstractHandlerMethodMapping$MappingRegistry.register(AbstractHandlerMethodMapping.java:547) - Mapped "{[/swagger-resources]}" onto public org.springframework.http.ResponseEntity<java.util.List<springfox.documentation.swagger.web.SwaggerResource>> springfox.documentation.swagger.web.ApiResourceController.swaggerResources()
2019-10-25 13:17:15.775 [main] INFO  org.springframework.web.servlet.handler.AbstractHandlerMethodMapping$MappingRegistry.register(AbstractHandlerMethodMapping.java:547) - Mapped "{[/error]}" onto public org.springframework.http.ResponseEntity<java.util.Map<java.lang.String, java.lang.Object>> org.springframework.boot.autoconfigure.web.servlet.error.BasicErrorController.error(javax.servlet.http.HttpServletRequest)
2019-10-25 13:17:15.775 [main] INFO  org.springframework.web.servlet.handler.AbstractHandlerMethodMapping$MappingRegistry.register(AbstractHandlerMethodMapping.java:547) - Mapped "{[/error],produces=[text/html]}" onto public org.springframework.web.servlet.ModelAndView org.springframework.boot.autoconfigure.web.servlet.error.BasicErrorController.errorHtml(javax.servlet.http.HttpServletRequest,javax.servlet.http.HttpServletResponse)
2019-10-25 13:17:15.894 [main] INFO  org.springframework.web.servlet.handler.AbstractUrlHandlerMapping.registerHandler(AbstractUrlHandlerMapping.java:373) - Mapped URL path [/swagger-ui.html] onto handler of type [class org.springframework.web.servlet.resource.ResourceHttpRequestHandler]
2019-10-25 13:17:15.894 [main] INFO  org.springframework.web.servlet.handler.AbstractUrlHandlerMapping.registerHandler(AbstractUrlHandlerMapping.java:373) - Mapped URL path [/webjars/**] onto handler of type [class org.springframework.web.servlet.resource.ResourceHttpRequestHandler]
2019-10-25 13:17:15.895 [main] INFO  org.springframework.web.servlet.handler.AbstractUrlHandlerMapping.registerHandler(AbstractUrlHandlerMapping.java:373) - Mapped URL path [/doc.html] onto handler of type [class org.springframework.web.servlet.resource.ResourceHttpRequestHandler]
2019-10-25 13:17:15.942 [main] INFO  org.springframework.web.servlet.mvc.method.annotation.RequestMappingHandlerAdapter.initControllerAdviceCache(RequestMappingHandlerAdapter.java:574) - Looking for @ControllerAdvice: org.springframework.boot.web.servlet.context.AnnotationConfigServletWebServerApplicationContext@65f8f5ae: startup date [Fri Oct 25 13:17:12 CST 2019]; root of context hierarchy
2019-10-25 13:17:16.024 [main] INFO  springfox.documentation.spring.web.PropertySourcedRequestMappingHandlerMapping.initHandlerMethods(PropertySourcedRequestMappingHandlerMapping.java:69) - Mapped URL path [/v2/api-docs] onto method [public org.springframework.http.ResponseEntity<springfox.documentation.spring.web.json.Json> springfox.documentation.swagger2.web.Swagger2Controller.getDocumentation(java.lang.String,javax.servlet.http.HttpServletRequest)]
2019-10-25 13:17:16.263 [main] INFO  org.springframework.jmx.export.MBeanExporter.afterSingletonsInstantiated(MBeanExporter.java:433) - Registering beans for JMX exposure on startup
2019-10-25 13:17:16.270 [main] INFO  org.springframework.context.support.DefaultLifecycleProcessor$LifecycleGroup.start(DefaultLifecycleProcessor.java:351) - Starting beans in phase 2147483647
2019-10-25 13:17:16.270 [main] INFO  springfox.documentation.spring.web.plugins.DocumentationPluginsBootstrapper.start(DocumentationPluginsBootstrapper.java:160) - Context refreshed
2019-10-25 13:17:16.316 [main] INFO  springfox.documentation.spring.web.plugins.DocumentationPluginsBootstrapper.start(DocumentationPluginsBootstrapper.java:163) - Found 1 custom documentation plugin(s)
2019-10-25 13:17:16.367 [main] INFO  springfox.documentation.spring.web.scanners.ApiListingReferenceScanner.scan(ApiListingReferenceScanner.java:41) - Scanning for api listing references
2019-10-25 13:17:16.698 [main] INFO  org.apache.juli.logging.DirectJDKLog.log(DirectJDKLog.java:180) - Starting ProtocolHandler ["http-nio-8088"]
2019-10-25 13:17:16.708 [main] INFO  org.apache.juli.logging.DirectJDKLog.log(DirectJDKLog.java:180) - Using a shared selector for servlet write/read
2019-10-25 13:17:16.753 [main] INFO  org.springframework.boot.web.embedded.tomcat.TomcatWebServer.start(TomcatWebServer.java:206) - Tomcat started on port(s): 8088 (http) with context path '/cmsTurn'
2019-10-25 13:17:16.757 [main] INFO  org.springframework.boot.StartupInfoLogger.logStarted(StartupInfoLogger.java:59) - Started Application in 5.556 seconds (JVM running for 9.564)
2019-10-25 13:18:50.152 [http-nio-8088-exec-1] INFO  org.apache.juli.logging.DirectJDKLog.log(DirectJDKLog.java:180) - Initializing Spring FrameworkServlet 'dispatcherServlet'
2019-10-25 13:18:50.152 [http-nio-8088-exec-1] INFO  org.springframework.web.servlet.FrameworkServlet.initServletBean(FrameworkServlet.java:494) - FrameworkServlet 'dispatcherServlet': initialization started
2019-10-25 13:18:50.169 [http-nio-8088-exec-1] INFO  org.springframework.web.servlet.FrameworkServlet.initServletBean(FrameworkServlet.java:509) - FrameworkServlet 'dispatcherServlet': initialization completed in 17 ms
2019-10-25 13:18:59.867 [http-nio-8088-exec-5] INFO  com.juxue.web.controller.CustomerContoller.getFileRecordTime(CustomerContoller.java:81) - 产生录音的时长:304.22 秒
