2020-04-11 17:45:41.567 [main] INFO  org.springframework.boot.StartupInfoLogger.logStarting(StartupInfoLogger.java:50) - Starting Application on DESKTOP-9B1Q9MI with PID 4600 (E:\common_web\target\classes started by wx18 in E:\common_web)
2020-04-11 17:45:41.595 [main] INFO  org.springframework.boot.SpringApplication.logStartupProfileInfo(SpringApplication.java:662) - No active profile set, falling back to default profiles: default
2020-04-11 17:45:41.726 [main] INFO  org.springframework.context.support.AbstractApplicationContext.prepareRefresh(AbstractApplicationContext.java:590) - Refreshing org.springframework.boot.web.servlet.context.AnnotationConfigServletWebServerApplicationContext@7bbc8656: startup date [Sat Apr 11 17:45:41 CST 2020]; root of context hierarchy
2020-04-11 17:45:44.744 [main] INFO  org.springframework.context.support.PostProcessorRegistrationDelegate$BeanPostProcessorChecker.postProcessAfterInitialization(PostProcessorRegistrationDelegate.java:326) - Bean 'asynConfig' of type [com.juxue.config.servlet.AsynConfig$$EnhancerBySpringCGLIB$$ea21006f] is not eligible for getting processed by all BeanPostProcessors (for example: not eligible for auto-proxying)
2020-04-11 17:45:44.751 [main] INFO  com.juxue.config.servlet.AsynConfig.getAsyncExecutor(AsynConfig.java:29) - ----多线程初始化
2020-04-11 17:45:44.756 [main] INFO  org.springframework.scheduling.concurrent.ExecutorConfigurationSupport.initialize(ExecutorConfigurationSupport.java:171) - Initializing ExecutorService 
2020-04-11 17:45:44.763 [main] INFO  org.springframework.scheduling.concurrent.ExecutorConfigurationSupport.initialize(ExecutorConfigurationSupport.java:171) - Initializing ExecutorService  'getAsyncExecutor'
2020-04-11 17:45:44.763 [main] INFO  org.springframework.context.support.PostProcessorRegistrationDelegate$BeanPostProcessorChecker.postProcessAfterInitialization(PostProcessorRegistrationDelegate.java:326) - Bean 'getAsyncExecutor' of type [org.springframework.scheduling.concurrent.ThreadPoolTaskExecutor] is not eligible for getting processed by all BeanPostProcessors (for example: not eligible for auto-proxying)
2020-04-11 17:45:45.588 [main] INFO  org.springframework.boot.web.embedded.tomcat.TomcatWebServer.initialize(TomcatWebServer.java:91) - Tomcat initialized with port(s): 8088 (http)
2020-04-11 17:45:45.611 [main] INFO  org.apache.juli.logging.DirectJDKLog.log(DirectJDKLog.java:180) - Initializing ProtocolHandler ["http-nio-8088"]
2020-04-11 17:45:45.624 [main] INFO  org.apache.juli.logging.DirectJDKLog.log(DirectJDKLog.java:180) - Starting service [Tomcat]
2020-04-11 17:45:45.625 [main] INFO  org.apache.juli.logging.DirectJDKLog.log(DirectJDKLog.java:180) - Starting Servlet Engine: Apache Tomcat/8.5.32
2020-04-11 17:45:45.636 [localhost-startStop-1] INFO  org.apache.juli.logging.DirectJDKLog.log(DirectJDKLog.java:180) - The APR based Apache Tomcat Native library which allows optimal performance in production environments was not found on the java.library.path: [D:\amp\jdk8\bin;C:\Windows\Sun\Java\bin;C:\Windows\system32;C:\Windows;C:\Program Files (x86)\NetSarang\Xftp 6\;C:\Program Files\Python38\Scripts\;C:\Program Files\Python38\;C:\Program Files (x86)\Common Files\Oracle\Java\javapath;C:\Windows\system32;C:\Windows;C:\Windows\System32\Wbem;C:\Windows\System32\WindowsPowerShell\v1.0\;C:\Program Files\dotnet\;D:amp\apache-maven\bin;C:\Program Files\TortoiseSVN\bin;D:\amp\jdk11\bin;C:\Program Files\MySQL\MySQL Server 5.5\bin;D:\node\;C:\Program Files\erl10.3\\bin;E:\goWork\bin;C:\Go\bin;C:\Program Files\Git\cmd;C:\Users\wx18\AppData\Local\Microsoft\WindowsApps;C:\Users\wx18\AppData\Roaming\npm;C:\Users\wx18\AppData\Local\Programs\Microsoft VS Code\bin;C:\Users\wx18\AppData\Local\atom\bin;;C:\Users\wx18\AppData\Local\Programs\Fiddler;.]
2020-04-11 17:45:46.023 [localhost-startStop-1] INFO  org.apache.juli.logging.DirectJDKLog.log(DirectJDKLog.java:180) - Initializing Spring embedded WebApplicationContext
2020-04-11 17:45:46.024 [localhost-startStop-1] INFO  org.springframework.boot.web.servlet.context.ServletWebServerApplicationContext.prepareWebApplicationContext(ServletWebServerApplicationContext.java:285) - Root WebApplicationContext: initialization completed in 4298 ms
2020-04-11 17:45:46.098 [localhost-startStop-1] INFO  org.springframework.boot.web.servlet.ServletRegistrationBean.addRegistration(ServletRegistrationBean.java:187) - Servlet dispatcherServlet mapped to [/]
2020-04-11 17:45:46.102 [localhost-startStop-1] INFO  org.springframework.boot.web.servlet.AbstractFilterRegistrationBean.configure(AbstractFilterRegistrationBean.java:245) - Mapping filter: 'characterEncodingFilter' to: [/*]
2020-04-11 17:45:46.102 [localhost-startStop-1] INFO  org.springframework.boot.web.servlet.AbstractFilterRegistrationBean.configure(AbstractFilterRegistrationBean.java:245) - Mapping filter: 'productionSecurityFilter' to: [/*]
2020-04-11 17:45:46.102 [localhost-startStop-1] INFO  org.springframework.boot.web.servlet.AbstractFilterRegistrationBean.configure(AbstractFilterRegistrationBean.java:245) - Mapping filter: 'securityBasicAuthFilter' to: [/*]
2020-04-11 17:45:47.401 [main] INFO  org.jodconverter.office.OfficeProcessManager.submitAndWait(OfficeProcessManager.java:294) - Submitting task 'Start' and waiting...
2020-04-11 17:45:48.799 [OfficeProcessThread-0] WARN  org.jodconverter.office.OfficeProcess.prepareInstanceProfileDir(OfficeProcess.java:297) - Profile dir 'C:\Users\wx18\AppData\Local\Temp\.jodconverter_socket_host-127.0.0.1_port-8100_tcpNoDelay-1' already exists; deleting
2020-04-11 17:45:49.079 [OfficeProcessThread-0] INFO  org.jodconverter.office.OfficeDescriptor.fromExecutablePath(OfficeDescriptor.java:97) - soffice info (from exec path): Product: OpenOffice - Version: ??? - useLongOptionNameGnuStyle: false
2020-04-11 17:45:49.080 [OfficeProcessThread-0] INFO  org.jodconverter.office.OfficeProcess.start(OfficeProcess.java:395) - Starting process with acceptString 'socket,host=127.0.0.1,port=8100,tcpNoDelay=1;urp;StarOffice.ServiceManager' and profileDir 'C:\Users\wx18\AppData\Local\Temp\.jodconverter_socket_host-127.0.0.1_port-8100_tcpNoDelay-1'
2020-04-11 17:45:49.715 [OfficeProcessThread-0] INFO  org.jodconverter.office.OfficeProcess.start(OfficeProcess.java:402) - Started process; pid = 7616
2020-04-11 17:46:03.460 [OfficeProcessThread-0] INFO  org.jodconverter.office.OfficeConnection.connect(OfficeConnection.java:159) - Connected: 'socket,host=127.0.0.1,port=8100,tcpNoDelay=1'
2020-04-11 17:46:03.876 [main] INFO  org.springframework.web.servlet.handler.AbstractHandlerMethodMapping$MappingRegistry.register(AbstractHandlerMethodMapping.java:547) - Mapped "{[/file/parse2pdf],methods=[GET]}" onto public com.juxue.domain.APiResult com.juxue.web.controller.CustomerContoller.fileUploadController(java.lang.String)
2020-04-11 17:46:03.877 [main] INFO  org.springframework.web.servlet.handler.AbstractHandlerMethodMapping$MappingRegistry.register(AbstractHandlerMethodMapping.java:547) - Mapped "{[/file/upload],methods=[POST],consumes=[multipart/form-data]}" onto public com.juxue.domain.APiResult com.juxue.web.controller.CustomerContoller.fileUploadController(org.springframework.web.multipart.MultipartFile[])
2020-04-11 17:46:03.878 [main] INFO  org.springframework.web.servlet.handler.AbstractHandlerMethodMapping$MappingRegistry.register(AbstractHandlerMethodMapping.java:547) - Mapped "{[/file/upload2pdf],methods=[POST],consumes=[multipart/form-data]}" onto public com.juxue.domain.APiResult com.juxue.web.controller.CustomerContoller.upload2pdf(org.springframework.web.multipart.MultipartFile[])
2020-04-11 17:46:03.878 [main] INFO  org.springframework.web.servlet.handler.AbstractHandlerMethodMapping$MappingRegistry.register(AbstractHandlerMethodMapping.java:547) - Mapped "{[/file/getpdfColumn],methods=[GET]}" onto public com.juxue.domain.APiResult com.juxue.web.controller.CustomerContoller.getpdfColumn(java.lang.String)
2020-04-11 17:46:03.882 [main] INFO  org.springframework.web.servlet.handler.AbstractHandlerMethodMapping$MappingRegistry.register(AbstractHandlerMethodMapping.java:547) - Mapped "{[/swagger-resources/configuration/security]}" onto public org.springframework.http.ResponseEntity<springfox.documentation.swagger.web.SecurityConfiguration> springfox.documentation.swagger.web.ApiResourceController.securityConfiguration()
2020-04-11 17:46:03.883 [main] INFO  org.springframework.web.servlet.handler.AbstractHandlerMethodMapping$MappingRegistry.register(AbstractHandlerMethodMapping.java:547) - Mapped "{[/swagger-resources/configuration/ui]}" onto public org.springframework.http.ResponseEntity<springfox.documentation.swagger.web.UiConfiguration> springfox.documentation.swagger.web.ApiResourceController.uiConfiguration()
2020-04-11 17:46:03.884 [main] INFO  org.springframework.web.servlet.handler.AbstractHandlerMethodMapping$MappingRegistry.register(AbstractHandlerMethodMapping.java:547) - Mapped "{[/swagger-resources]}" onto public org.springframework.http.ResponseEntity<java.util.List<springfox.documentation.swagger.web.SwaggerResource>> springfox.documentation.swagger.web.ApiResourceController.swaggerResources()
2020-04-11 17:46:03.894 [main] INFO  org.springframework.web.servlet.handler.AbstractHandlerMethodMapping$MappingRegistry.register(AbstractHandlerMethodMapping.java:547) - Mapped "{[/v2/api-docs-ext],methods=[GET],produces=[application/json || application/hal+json]}" onto public org.springframework.http.ResponseEntity<springfox.documentation.spring.web.json.Json> com.github.xiaoymin.swaggerbootstrapui.web.SwaggerBootstrapUiController.apiSorts(java.lang.String,javax.servlet.http.HttpServletRequest)
2020-04-11 17:46:03.895 [main] INFO  org.springframework.web.servlet.handler.AbstractHandlerMethodMapping$MappingRegistry.register(AbstractHandlerMethodMapping.java:547) - Mapped "{[/swagger-resources-ext]}" onto public org.springframework.http.ResponseEntity<java.util.List<com.github.xiaoymin.swaggerbootstrapui.model.SwaggerResourceExt>> com.github.xiaoymin.swaggerbootstrapui.web.SwaggerBootstrapUiResourceExtController.swaggerResources()
2020-04-11 17:46:03.897 [main] INFO  org.springframework.web.servlet.handler.AbstractHandlerMethodMapping$MappingRegistry.register(AbstractHandlerMethodMapping.java:547) - Mapped "{[/error]}" onto public org.springframework.http.ResponseEntity<java.util.Map<java.lang.String, java.lang.Object>> org.springframework.boot.autoconfigure.web.servlet.error.BasicErrorController.error(javax.servlet.http.HttpServletRequest)
2020-04-11 17:46:03.897 [main] INFO  org.springframework.web.servlet.handler.AbstractHandlerMethodMapping$MappingRegistry.register(AbstractHandlerMethodMapping.java:547) - Mapped "{[/error],produces=[text/html]}" onto public org.springframework.web.servlet.ModelAndView org.springframework.boot.autoconfigure.web.servlet.error.BasicErrorController.errorHtml(javax.servlet.http.HttpServletRequest,javax.servlet.http.HttpServletResponse)
2020-04-11 17:46:04.116 [main] INFO  org.springframework.web.servlet.handler.AbstractUrlHandlerMapping.registerHandler(AbstractUrlHandlerMapping.java:373) - Mapped URL path [/swagger-ui.html] onto handler of type [class org.springframework.web.servlet.resource.ResourceHttpRequestHandler]
2020-04-11 17:46:04.116 [main] INFO  org.springframework.web.servlet.handler.AbstractUrlHandlerMapping.registerHandler(AbstractUrlHandlerMapping.java:373) - Mapped URL path [/webjars/**] onto handler of type [class org.springframework.web.servlet.resource.ResourceHttpRequestHandler]
2020-04-11 17:46:04.116 [main] INFO  org.springframework.web.servlet.handler.AbstractUrlHandlerMapping.registerHandler(AbstractUrlHandlerMapping.java:373) - Mapped URL path [/doc.html] onto handler of type [class org.springframework.web.servlet.resource.ResourceHttpRequestHandler]
2020-04-11 17:46:04.116 [main] INFO  org.springframework.web.servlet.handler.AbstractUrlHandlerMapping.registerHandler(AbstractUrlHandlerMapping.java:373) - Mapped URL path [/static/**] onto handler of type [class org.springframework.web.servlet.resource.ResourceHttpRequestHandler]
2020-04-11 17:46:04.116 [main] INFO  org.springframework.web.servlet.handler.AbstractUrlHandlerMapping.registerHandler(AbstractUrlHandlerMapping.java:373) - Mapped URL path [/**] onto handler of type [class org.springframework.web.servlet.resource.ResourceHttpRequestHandler]
2020-04-11 17:46:04.182 [main] INFO  org.springframework.web.servlet.mvc.method.annotation.RequestMappingHandlerAdapter.initControllerAdviceCache(RequestMappingHandlerAdapter.java:574) - Looking for @ControllerAdvice: org.springframework.boot.web.servlet.context.AnnotationConfigServletWebServerApplicationContext@7bbc8656: startup date [Sat Apr 11 17:45:41 CST 2020]; root of context hierarchy
2020-04-11 17:46:04.234 [main] INFO  springfox.documentation.spring.web.PropertySourcedRequestMappingHandlerMapping.initHandlerMethods(PropertySourcedRequestMappingHandlerMapping.java:69) - Mapped URL path [/v2/api-docs] onto method [public org.springframework.http.ResponseEntity<springfox.documentation.spring.web.json.Json> springfox.documentation.swagger2.web.Swagger2Controller.getDocumentation(java.lang.String,javax.servlet.http.HttpServletRequest)]
2020-04-11 17:46:04.569 [main] INFO  org.springframework.jmx.export.MBeanExporter.afterSingletonsInstantiated(MBeanExporter.java:433) - Registering beans for JMX exposure on startup
2020-04-11 17:46:04.586 [main] INFO  org.springframework.context.support.DefaultLifecycleProcessor$LifecycleGroup.start(DefaultLifecycleProcessor.java:351) - Starting beans in phase 2147483647
2020-04-11 17:46:04.586 [main] INFO  springfox.documentation.spring.web.plugins.DocumentationPluginsBootstrapper.start(DocumentationPluginsBootstrapper.java:160) - Context refreshed
2020-04-11 17:46:04.619 [main] INFO  springfox.documentation.spring.web.plugins.DocumentationPluginsBootstrapper.start(DocumentationPluginsBootstrapper.java:163) - Found 1 custom documentation plugin(s)
2020-04-11 17:46:04.674 [main] INFO  springfox.documentation.spring.web.scanners.ApiListingReferenceScanner.scan(ApiListingReferenceScanner.java:41) - Scanning for api listing references
2020-04-11 17:46:04.884 [main] INFO  org.apache.juli.logging.DirectJDKLog.log(DirectJDKLog.java:180) - Starting ProtocolHandler ["http-nio-8088"]
2020-04-11 17:46:04.901 [main] INFO  org.apache.juli.logging.DirectJDKLog.log(DirectJDKLog.java:180) - Using a shared selector for servlet write/read
2020-04-11 17:46:04.934 [main] INFO  org.springframework.boot.web.embedded.tomcat.TomcatWebServer.start(TomcatWebServer.java:206) - Tomcat started on port(s): 8088 (http) with context path '/commonWeb'
2020-04-11 17:46:04.947 [main] INFO  org.springframework.boot.StartupInfoLogger.logStarted(StartupInfoLogger.java:59) - Started Application in 24.203 seconds (JVM running for 32.668)
2020-04-11 17:46:37.814 [http-nio-8088-exec-1] INFO  org.apache.juli.logging.DirectJDKLog.log(DirectJDKLog.java:180) - Initializing Spring FrameworkServlet 'dispatcherServlet'
2020-04-11 17:46:37.814 [http-nio-8088-exec-1] INFO  org.springframework.web.servlet.FrameworkServlet.initServletBean(FrameworkServlet.java:494) - FrameworkServlet 'dispatcherServlet': initialization started
2020-04-11 17:46:37.833 [http-nio-8088-exec-1] INFO  org.springframework.web.servlet.FrameworkServlet.initServletBean(FrameworkServlet.java:509) - FrameworkServlet 'dispatcherServlet': initialization completed in 19 ms
