2019-10-28 10:24:45.084 [main] INFO  org.springframework.boot.StartupInfoLogger.logStarting(StartupInfoLogger.java:50) - Starting Application on DESKTOP-9B1Q9MI with PID 9112 (E:\customer_web\target\classes started by wx18 in E:\customer_web)
2019-10-28 10:24:45.103 [main] INFO  org.springframework.boot.SpringApplication.logStartupProfileInfo(SpringApplication.java:662) - No active profile set, falling back to default profiles: default
2019-10-28 10:24:45.186 [main] INFO  org.springframework.context.support.AbstractApplicationContext.prepareRefresh(AbstractApplicationContext.java:590) - Refreshing org.springframework.boot.web.servlet.context.AnnotationConfigServletWebServerApplicationContext@55de24cc: startup date [Mon Oct 28 10:24:45 CST 2019]; root of context hierarchy
2019-10-28 10:24:47.009 [main] INFO  org.springframework.context.support.PostProcessorRegistrationDelegate$BeanPostProcessorChecker.postProcessAfterInitialization(PostProcessorRegistrationDelegate.java:326) - Bean 'asynConfig' of type [com.juxue.config.servlet.AsynConfig$$EnhancerBySpringCGLIB$$bcbae58a] is not eligible for getting processed by all BeanPostProcessors (for example: not eligible for auto-proxying)
2019-10-28 10:24:47.016 [main] INFO  com.juxue.config.servlet.AsynConfig.getAsyncExecutor(AsynConfig.java:29) - ----多线程初始化
2019-10-28 10:24:47.018 [main] INFO  org.springframework.scheduling.concurrent.ExecutorConfigurationSupport.initialize(ExecutorConfigurationSupport.java:171) - Initializing ExecutorService 
2019-10-28 10:24:47.027 [main] INFO  org.springframework.scheduling.concurrent.ExecutorConfigurationSupport.initialize(ExecutorConfigurationSupport.java:171) - Initializing ExecutorService  'getAsyncExecutor'
2019-10-28 10:24:47.027 [main] INFO  org.springframework.context.support.PostProcessorRegistrationDelegate$BeanPostProcessorChecker.postProcessAfterInitialization(PostProcessorRegistrationDelegate.java:326) - Bean 'getAsyncExecutor' of type [org.springframework.scheduling.concurrent.ThreadPoolTaskExecutor] is not eligible for getting processed by all BeanPostProcessors (for example: not eligible for auto-proxying)
2019-10-28 10:24:48.115 [main] INFO  org.springframework.boot.web.embedded.tomcat.TomcatWebServer.initialize(TomcatWebServer.java:91) - Tomcat initialized with port(s): 8088 (http)
2019-10-28 10:24:48.138 [main] INFO  org.apache.juli.logging.DirectJDKLog.log(DirectJDKLog.java:180) - Initializing ProtocolHandler ["http-nio-8088"]
2019-10-28 10:24:48.150 [main] INFO  org.apache.juli.logging.DirectJDKLog.log(DirectJDKLog.java:180) - Starting service [Tomcat]
2019-10-28 10:24:48.150 [main] INFO  org.apache.juli.logging.DirectJDKLog.log(DirectJDKLog.java:180) - Starting Servlet Engine: Apache Tomcat/8.5.32
2019-10-28 10:24:48.164 [localhost-startStop-1] INFO  org.apache.juli.logging.DirectJDKLog.log(DirectJDKLog.java:180) - The APR based Apache Tomcat Native library which allows optimal performance in production environments was not found on the java.library.path: [D:\amp\jdk8\bin;C:\Windows\Sun\Java\bin;C:\Windows\system32;C:\Windows;C:\Program Files (x86)\Common Files\Oracle\Java\javapath;C:\Windows\system32;C:\Windows;C:\Windows\System32\Wbem;C:\Windows\System32\WindowsPowerShell\v1.0\;C:\Program Files\dotnet\;D:amp\apache-maven\bin;C:\Program Files\Git\cmd;C:\Program Files\TortoiseSVN\bin;D:\amp\jdk11\bin;C:\Program Files\MySQL\MySQL Server 5.5\bin;D:\node\;D:\amp\Go\bin;C:\Program Files\erl10.3\\bin;E:\goWork\bin;C:\Users\wx18\AppData\Local\Microsoft\WindowsApps;C:\Users\wx18\AppData\Roaming\npm;C:\Users\wx18\AppData\Local\Programs\Microsoft VS Code\bin;C:\Users\wx18\AppData\Local\atom\bin;;C:\Program Files\JetBrains\GoLand 2019.2.3\bin;;.]
2019-10-28 10:24:48.448 [localhost-startStop-1] INFO  org.apache.juli.logging.DirectJDKLog.log(DirectJDKLog.java:180) - Initializing Spring embedded WebApplicationContext
2019-10-28 10:24:48.448 [localhost-startStop-1] INFO  org.springframework.boot.web.servlet.context.ServletWebServerApplicationContext.prepareWebApplicationContext(ServletWebServerApplicationContext.java:285) - Root WebApplicationContext: initialization completed in 3262 ms
2019-10-28 10:24:48.517 [localhost-startStop-1] INFO  org.springframework.boot.web.servlet.ServletRegistrationBean.addRegistration(ServletRegistrationBean.java:187) - Servlet dispatcherServlet mapped to [/]
2019-10-28 10:24:48.520 [localhost-startStop-1] INFO  org.springframework.boot.web.servlet.AbstractFilterRegistrationBean.configure(AbstractFilterRegistrationBean.java:245) - Mapping filter: 'characterEncodingFilter' to: [/*]
2019-10-28 10:24:49.217 [main] INFO  org.springframework.web.servlet.handler.AbstractHandlerMethodMapping$MappingRegistry.register(AbstractHandlerMethodMapping.java:547) - Mapped "{[/remote/remoteEmpInfor],methods=[POST],consumes=[application/json]}" onto public synchronized com.juxue.domain.APiResult com.juxue.web.controller.CustomerContoller.getCusDeptToUserInfo(com.juxue.entity.ExEmp)
2019-10-28 10:24:49.218 [main] INFO  org.springframework.web.servlet.handler.AbstractHandlerMethodMapping$MappingRegistry.register(AbstractHandlerMethodMapping.java:547) - Mapped "{[/getRecordTime],methods=[POST]}" onto public com.juxue.domain.APiResult com.juxue.web.controller.CustomerContoller.getRecordTime()
2019-10-28 10:24:49.221 [main] INFO  org.springframework.web.servlet.handler.AbstractHandlerMethodMapping$MappingRegistry.register(AbstractHandlerMethodMapping.java:547) - Mapped "{[/swagger-resources/configuration/security]}" onto public org.springframework.http.ResponseEntity<springfox.documentation.swagger.web.SecurityConfiguration> springfox.documentation.swagger.web.ApiResourceController.securityConfiguration()
2019-10-28 10:24:49.223 [main] INFO  org.springframework.web.servlet.handler.AbstractHandlerMethodMapping$MappingRegistry.register(AbstractHandlerMethodMapping.java:547) - Mapped "{[/swagger-resources/configuration/ui]}" onto public org.springframework.http.ResponseEntity<springfox.documentation.swagger.web.UiConfiguration> springfox.documentation.swagger.web.ApiResourceController.uiConfiguration()
2019-10-28 10:24:49.223 [main] INFO  org.springframework.web.servlet.handler.AbstractHandlerMethodMapping$MappingRegistry.register(AbstractHandlerMethodMapping.java:547) - Mapped "{[/swagger-resources]}" onto public org.springframework.http.ResponseEntity<java.util.List<springfox.documentation.swagger.web.SwaggerResource>> springfox.documentation.swagger.web.ApiResourceController.swaggerResources()
2019-10-28 10:24:49.230 [main] INFO  org.springframework.web.servlet.handler.AbstractHandlerMethodMapping$MappingRegistry.register(AbstractHandlerMethodMapping.java:547) - Mapped "{[/error]}" onto public org.springframework.http.ResponseEntity<java.util.Map<java.lang.String, java.lang.Object>> org.springframework.boot.autoconfigure.web.servlet.error.BasicErrorController.error(javax.servlet.http.HttpServletRequest)
2019-10-28 10:24:49.231 [main] INFO  org.springframework.web.servlet.handler.AbstractHandlerMethodMapping$MappingRegistry.register(AbstractHandlerMethodMapping.java:547) - Mapped "{[/error],produces=[text/html]}" onto public org.springframework.web.servlet.ModelAndView org.springframework.boot.autoconfigure.web.servlet.error.BasicErrorController.errorHtml(javax.servlet.http.HttpServletRequest,javax.servlet.http.HttpServletResponse)
2019-10-28 10:24:49.363 [main] INFO  org.springframework.web.servlet.handler.AbstractUrlHandlerMapping.registerHandler(AbstractUrlHandlerMapping.java:373) - Mapped URL path [/swagger-ui.html] onto handler of type [class org.springframework.web.servlet.resource.ResourceHttpRequestHandler]
2019-10-28 10:24:49.363 [main] INFO  org.springframework.web.servlet.handler.AbstractUrlHandlerMapping.registerHandler(AbstractUrlHandlerMapping.java:373) - Mapped URL path [/webjars/**] onto handler of type [class org.springframework.web.servlet.resource.ResourceHttpRequestHandler]
2019-10-28 10:24:49.363 [main] INFO  org.springframework.web.servlet.handler.AbstractUrlHandlerMapping.registerHandler(AbstractUrlHandlerMapping.java:373) - Mapped URL path [/doc.html] onto handler of type [class org.springframework.web.servlet.resource.ResourceHttpRequestHandler]
2019-10-28 10:24:49.489 [main] INFO  org.springframework.web.servlet.mvc.method.annotation.RequestMappingHandlerAdapter.initControllerAdviceCache(RequestMappingHandlerAdapter.java:574) - Looking for @ControllerAdvice: org.springframework.boot.web.servlet.context.AnnotationConfigServletWebServerApplicationContext@55de24cc: startup date [Mon Oct 28 10:24:45 CST 2019]; root of context hierarchy
2019-10-28 10:24:49.597 [main] INFO  springfox.documentation.spring.web.PropertySourcedRequestMappingHandlerMapping.initHandlerMethods(PropertySourcedRequestMappingHandlerMapping.java:69) - Mapped URL path [/v2/api-docs] onto method [public org.springframework.http.ResponseEntity<springfox.documentation.spring.web.json.Json> springfox.documentation.swagger2.web.Swagger2Controller.getDocumentation(java.lang.String,javax.servlet.http.HttpServletRequest)]
2019-10-28 10:24:49.912 [main] INFO  org.springframework.jmx.export.MBeanExporter.afterSingletonsInstantiated(MBeanExporter.java:433) - Registering beans for JMX exposure on startup
2019-10-28 10:24:49.929 [main] INFO  org.springframework.context.support.DefaultLifecycleProcessor$LifecycleGroup.start(DefaultLifecycleProcessor.java:351) - Starting beans in phase 2147483647
2019-10-28 10:24:49.929 [main] INFO  springfox.documentation.spring.web.plugins.DocumentationPluginsBootstrapper.start(DocumentationPluginsBootstrapper.java:160) - Context refreshed
2019-10-28 10:24:49.960 [main] INFO  springfox.documentation.spring.web.plugins.DocumentationPluginsBootstrapper.start(DocumentationPluginsBootstrapper.java:163) - Found 1 custom documentation plugin(s)
2019-10-28 10:24:49.991 [main] INFO  springfox.documentation.spring.web.scanners.ApiListingReferenceScanner.scan(ApiListingReferenceScanner.java:41) - Scanning for api listing references
2019-10-28 10:24:50.192 [main] INFO  org.apache.juli.logging.DirectJDKLog.log(DirectJDKLog.java:180) - Starting ProtocolHandler ["http-nio-8088"]
2019-10-28 10:24:50.204 [main] INFO  org.apache.juli.logging.DirectJDKLog.log(DirectJDKLog.java:180) - Using a shared selector for servlet write/read
2019-10-28 10:24:50.253 [main] INFO  org.springframework.boot.web.embedded.tomcat.TomcatWebServer.start(TomcatWebServer.java:206) - Tomcat started on port(s): 8088 (http) with context path '/cmsTurn'
2019-10-28 10:24:50.286 [main] INFO  org.springframework.boot.StartupInfoLogger.logStarted(StartupInfoLogger.java:59) - Started Application in 5.939 seconds (JVM running for 12.929)
2019-10-28 10:25:37.256 [http-nio-8088-exec-2] INFO  org.apache.juli.logging.DirectJDKLog.log(DirectJDKLog.java:180) - Initializing Spring FrameworkServlet 'dispatcherServlet'
2019-10-28 10:25:37.256 [http-nio-8088-exec-2] INFO  org.springframework.web.servlet.FrameworkServlet.initServletBean(FrameworkServlet.java:494) - FrameworkServlet 'dispatcherServlet': initialization started
2019-10-28 10:25:37.288 [http-nio-8088-exec-2] INFO  org.springframework.web.servlet.FrameworkServlet.initServletBean(FrameworkServlet.java:509) - FrameworkServlet 'dispatcherServlet': initialization completed in 32 ms
2019-10-28 12:55:03.997 [main] INFO  org.springframework.boot.StartupInfoLogger.logStarting(StartupInfoLogger.java:50) - Starting Application on DESKTOP-9B1Q9MI with PID 7608 (E:\customer_web\target\classes started by wx18 in E:\customer_web)
2019-10-28 12:55:04.019 [main] INFO  org.springframework.boot.SpringApplication.logStartupProfileInfo(SpringApplication.java:662) - No active profile set, falling back to default profiles: default
2019-10-28 12:55:04.089 [main] INFO  org.springframework.context.support.AbstractApplicationContext.prepareRefresh(AbstractApplicationContext.java:590) - Refreshing org.springframework.boot.web.servlet.context.AnnotationConfigServletWebServerApplicationContext@c05fddc: startup date [Mon Oct 28 12:55:04 CST 2019]; root of context hierarchy
2019-10-28 12:55:05.167 [main] INFO  org.springframework.context.support.PostProcessorRegistrationDelegate$BeanPostProcessorChecker.postProcessAfterInitialization(PostProcessorRegistrationDelegate.java:326) - Bean 'asynConfig' of type [com.juxue.config.servlet.AsynConfig$$EnhancerBySpringCGLIB$$a7c72af1] is not eligible for getting processed by all BeanPostProcessors (for example: not eligible for auto-proxying)
2019-10-28 12:55:05.179 [main] INFO  com.juxue.config.servlet.AsynConfig.getAsyncExecutor(AsynConfig.java:29) - ----多线程初始化
2019-10-28 12:55:05.181 [main] INFO  org.springframework.scheduling.concurrent.ExecutorConfigurationSupport.initialize(ExecutorConfigurationSupport.java:171) - Initializing ExecutorService 
2019-10-28 12:55:05.189 [main] INFO  org.springframework.scheduling.concurrent.ExecutorConfigurationSupport.initialize(ExecutorConfigurationSupport.java:171) - Initializing ExecutorService  'getAsyncExecutor'
2019-10-28 12:55:05.190 [main] INFO  org.springframework.context.support.PostProcessorRegistrationDelegate$BeanPostProcessorChecker.postProcessAfterInitialization(PostProcessorRegistrationDelegate.java:326) - Bean 'getAsyncExecutor' of type [org.springframework.scheduling.concurrent.ThreadPoolTaskExecutor] is not eligible for getting processed by all BeanPostProcessors (for example: not eligible for auto-proxying)
2019-10-28 12:55:05.558 [main] INFO  org.springframework.boot.web.embedded.tomcat.TomcatWebServer.initialize(TomcatWebServer.java:91) - Tomcat initialized with port(s): 8088 (http)
2019-10-28 12:55:05.570 [main] INFO  org.apache.juli.logging.DirectJDKLog.log(DirectJDKLog.java:180) - Initializing ProtocolHandler ["http-nio-8088"]
2019-10-28 12:55:05.579 [main] INFO  org.apache.juli.logging.DirectJDKLog.log(DirectJDKLog.java:180) - Starting service [Tomcat]
2019-10-28 12:55:05.580 [main] INFO  org.apache.juli.logging.DirectJDKLog.log(DirectJDKLog.java:180) - Starting Servlet Engine: Apache Tomcat/8.5.32
2019-10-28 12:55:05.585 [localhost-startStop-1] INFO  org.apache.juli.logging.DirectJDKLog.log(DirectJDKLog.java:180) - The APR based Apache Tomcat Native library which allows optimal performance in production environments was not found on the java.library.path: [D:\amp\jdk8\bin;C:\Windows\Sun\Java\bin;C:\Windows\system32;C:\Windows;C:\Program Files (x86)\Common Files\Oracle\Java\javapath;C:\Windows\system32;C:\Windows;C:\Windows\System32\Wbem;C:\Windows\System32\WindowsPowerShell\v1.0\;C:\Program Files\dotnet\;D:amp\apache-maven\bin;C:\Program Files\Git\cmd;C:\Program Files\TortoiseSVN\bin;D:\amp\jdk11\bin;C:\Program Files\MySQL\MySQL Server 5.5\bin;D:\node\;D:\amp\Go\bin;C:\Program Files\erl10.3\\bin;E:\goWork\bin;C:\Users\wx18\AppData\Local\Microsoft\WindowsApps;C:\Users\wx18\AppData\Roaming\npm;C:\Users\wx18\AppData\Local\Programs\Microsoft VS Code\bin;C:\Users\wx18\AppData\Local\atom\bin;;C:\Program Files\JetBrains\GoLand 2019.2.3\bin;;.]
2019-10-28 12:55:05.730 [localhost-startStop-1] INFO  org.apache.juli.logging.DirectJDKLog.log(DirectJDKLog.java:180) - Initializing Spring embedded WebApplicationContext
2019-10-28 12:55:05.731 [localhost-startStop-1] INFO  org.springframework.boot.web.servlet.context.ServletWebServerApplicationContext.prepareWebApplicationContext(ServletWebServerApplicationContext.java:285) - Root WebApplicationContext: initialization completed in 1642 ms
2019-10-28 12:55:05.760 [localhost-startStop-1] INFO  org.springframework.boot.web.servlet.ServletRegistrationBean.addRegistration(ServletRegistrationBean.java:187) - Servlet dispatcherServlet mapped to [/]
2019-10-28 12:55:05.765 [localhost-startStop-1] INFO  org.springframework.boot.web.servlet.AbstractFilterRegistrationBean.configure(AbstractFilterRegistrationBean.java:245) - Mapping filter: 'characterEncodingFilter' to: [/*]
2019-10-28 12:55:06.371 [main] INFO  org.springframework.web.servlet.handler.AbstractHandlerMethodMapping$MappingRegistry.register(AbstractHandlerMethodMapping.java:547) - Mapped "{[/remote/remoteEmpInfor],methods=[POST],consumes=[application/json]}" onto public synchronized com.juxue.domain.APiResult com.juxue.web.controller.CustomerContoller.getCusDeptToUserInfo(com.juxue.entity.ExEmp)
2019-10-28 12:55:06.373 [main] INFO  org.springframework.web.servlet.handler.AbstractHandlerMethodMapping$MappingRegistry.register(AbstractHandlerMethodMapping.java:547) - Mapped "{[/getRecordTime],methods=[POST]}" onto public com.juxue.domain.APiResult com.juxue.web.controller.CustomerContoller.getRecordTime()
2019-10-28 12:55:06.376 [main] INFO  org.springframework.web.servlet.handler.AbstractHandlerMethodMapping$MappingRegistry.register(AbstractHandlerMethodMapping.java:547) - Mapped "{[/swagger-resources/configuration/security]}" onto public org.springframework.http.ResponseEntity<springfox.documentation.swagger.web.SecurityConfiguration> springfox.documentation.swagger.web.ApiResourceController.securityConfiguration()
2019-10-28 12:55:06.377 [main] INFO  org.springframework.web.servlet.handler.AbstractHandlerMethodMapping$MappingRegistry.register(AbstractHandlerMethodMapping.java:547) - Mapped "{[/swagger-resources/configuration/ui]}" onto public org.springframework.http.ResponseEntity<springfox.documentation.swagger.web.UiConfiguration> springfox.documentation.swagger.web.ApiResourceController.uiConfiguration()
2019-10-28 12:55:06.378 [main] INFO  org.springframework.web.servlet.handler.AbstractHandlerMethodMapping$MappingRegistry.register(AbstractHandlerMethodMapping.java:547) - Mapped "{[/swagger-resources]}" onto public org.springframework.http.ResponseEntity<java.util.List<springfox.documentation.swagger.web.SwaggerResource>> springfox.documentation.swagger.web.ApiResourceController.swaggerResources()
2019-10-28 12:55:06.381 [main] INFO  org.springframework.web.servlet.handler.AbstractHandlerMethodMapping$MappingRegistry.register(AbstractHandlerMethodMapping.java:547) - Mapped "{[/error]}" onto public org.springframework.http.ResponseEntity<java.util.Map<java.lang.String, java.lang.Object>> org.springframework.boot.autoconfigure.web.servlet.error.BasicErrorController.error(javax.servlet.http.HttpServletRequest)
2019-10-28 12:55:06.382 [main] INFO  org.springframework.web.servlet.handler.AbstractHandlerMethodMapping$MappingRegistry.register(AbstractHandlerMethodMapping.java:547) - Mapped "{[/error],produces=[text/html]}" onto public org.springframework.web.servlet.ModelAndView org.springframework.boot.autoconfigure.web.servlet.error.BasicErrorController.errorHtml(javax.servlet.http.HttpServletRequest,javax.servlet.http.HttpServletResponse)
2019-10-28 12:55:06.604 [main] INFO  org.springframework.web.servlet.handler.AbstractUrlHandlerMapping.registerHandler(AbstractUrlHandlerMapping.java:373) - Mapped URL path [/swagger-ui.html] onto handler of type [class org.springframework.web.servlet.resource.ResourceHttpRequestHandler]
2019-10-28 12:55:06.604 [main] INFO  org.springframework.web.servlet.handler.AbstractUrlHandlerMapping.registerHandler(AbstractUrlHandlerMapping.java:373) - Mapped URL path [/webjars/**] onto handler of type [class org.springframework.web.servlet.resource.ResourceHttpRequestHandler]
2019-10-28 12:55:06.605 [main] INFO  org.springframework.web.servlet.handler.AbstractUrlHandlerMapping.registerHandler(AbstractUrlHandlerMapping.java:373) - Mapped URL path [/doc.html] onto handler of type [class org.springframework.web.servlet.resource.ResourceHttpRequestHandler]
2019-10-28 12:55:06.689 [main] INFO  org.springframework.web.servlet.mvc.method.annotation.RequestMappingHandlerAdapter.initControllerAdviceCache(RequestMappingHandlerAdapter.java:574) - Looking for @ControllerAdvice: org.springframework.boot.web.servlet.context.AnnotationConfigServletWebServerApplicationContext@c05fddc: startup date [Mon Oct 28 12:55:04 CST 2019]; root of context hierarchy
2019-10-28 12:55:06.765 [main] INFO  springfox.documentation.spring.web.PropertySourcedRequestMappingHandlerMapping.initHandlerMethods(PropertySourcedRequestMappingHandlerMapping.java:69) - Mapped URL path [/v2/api-docs] onto method [public org.springframework.http.ResponseEntity<springfox.documentation.spring.web.json.Json> springfox.documentation.swagger2.web.Swagger2Controller.getDocumentation(java.lang.String,javax.servlet.http.HttpServletRequest)]
2019-10-28 12:55:07.055 [main] INFO  org.springframework.jmx.export.MBeanExporter.afterSingletonsInstantiated(MBeanExporter.java:433) - Registering beans for JMX exposure on startup
2019-10-28 12:55:07.061 [main] INFO  org.springframework.context.support.DefaultLifecycleProcessor$LifecycleGroup.start(DefaultLifecycleProcessor.java:351) - Starting beans in phase 2147483647
2019-10-28 12:55:07.062 [main] INFO  springfox.documentation.spring.web.plugins.DocumentationPluginsBootstrapper.start(DocumentationPluginsBootstrapper.java:160) - Context refreshed
2019-10-28 12:55:07.165 [main] INFO  springfox.documentation.spring.web.plugins.DocumentationPluginsBootstrapper.start(DocumentationPluginsBootstrapper.java:163) - Found 1 custom documentation plugin(s)
2019-10-28 12:55:07.225 [main] INFO  springfox.documentation.spring.web.scanners.ApiListingReferenceScanner.scan(ApiListingReferenceScanner.java:41) - Scanning for api listing references
2019-10-28 12:55:07.528 [main] INFO  org.apache.juli.logging.DirectJDKLog.log(DirectJDKLog.java:180) - Starting ProtocolHandler ["http-nio-8088"]
2019-10-28 12:55:07.542 [main] INFO  org.apache.juli.logging.DirectJDKLog.log(DirectJDKLog.java:180) - Using a shared selector for servlet write/read
2019-10-28 12:55:07.561 [main] INFO  org.springframework.boot.web.embedded.tomcat.TomcatWebServer.start(TomcatWebServer.java:206) - Tomcat started on port(s): 8088 (http) with context path '/cmsTurn'
2019-10-28 12:55:07.566 [main] INFO  org.springframework.boot.StartupInfoLogger.logStarted(StartupInfoLogger.java:59) - Started Application in 3.99 seconds (JVM running for 6.461)
2019-10-28 12:55:58.632 [http-nio-8088-exec-2] INFO  org.apache.juli.logging.DirectJDKLog.log(DirectJDKLog.java:180) - Initializing Spring FrameworkServlet 'dispatcherServlet'
2019-10-28 12:55:58.632 [http-nio-8088-exec-2] INFO  org.springframework.web.servlet.FrameworkServlet.initServletBean(FrameworkServlet.java:494) - FrameworkServlet 'dispatcherServlet': initialization started
2019-10-28 12:55:58.647 [http-nio-8088-exec-2] INFO  org.springframework.web.servlet.FrameworkServlet.initServletBean(FrameworkServlet.java:509) - FrameworkServlet 'dispatcherServlet': initialization completed in 15 ms
2019-10-28 12:55:58.755 [http-nio-8088-exec-2] INFO  com.juxue.web.controller.CustomerContoller.getCusDeptToUserInfo(CustomerContoller.java:51) - 解析完成后生成文件:  2019-04-17 14:23:54: <br/>你好<br/> 2019-04-17 14:23:54: <br/>您留个接收短信的号码,我给您转发下2019年最新【官方报考流程和报考须知、专业、分数线、学校、费用、改革政策】短信，大概180字,您可以详细了解一下，可以帮助您报考的<br/> 2019-04-17 14:23:54: <br/>可以得 我得电话是 123123<br/> 2019-04-17 14:23:54: <br/>好的<br/> 2019-04-17 14:23:54: <br/>您留个接收短信的号码,我们<br/>
2019-10-28 12:55:59.295 [http-nio-8088-exec-2] INFO  com.juxue.web.controller.CustomerContoller.getCusDeptToUserInfo(CustomerContoller.java:56) - 推送回来的信息:{"msg":-1,"code":0,"data":""}
2019-10-28 12:55:59.295 [http-nio-8088-exec-2] ERROR com.juxue.web.controller.CustomerContoller.getCusDeptToUserInfo(CustomerContoller.java:58) - 推送的易聊的创建人是:juxuelx
2019-10-28 12:57:21.765 [http-nio-8088-exec-3] INFO  com.juxue.web.controller.CustomerContoller.getCusDeptToUserInfo(CustomerContoller.java:51) - 解析完成后生成文件:  2019-04-17 14:23:54: <br/>你好<br/> 2019-04-17 14:23:54: <br/>您留个接收短信的号码,我给您转发下2019年最新【官方报考流程和报考须知、专业、分数线、学校、费用、改革政策】短信，大概180字,您可以详细了解一下，可以帮助您报考的<br/> 2019-04-17 14:23:54: <br/>可以得 我得电话是 123123<br/> 2019-04-17 14:23:54: <br/>好的<br/> 2019-04-17 14:23:54: <br/>您留个接收短信的号码,我们<br/>
2019-10-28 12:57:21.823 [http-nio-8088-exec-3] INFO  com.juxue.web.controller.CustomerContoller.getCusDeptToUserInfo(CustomerContoller.java:56) - 推送回来的信息:{"msg":-1,"code":0,"data":""}
2019-10-28 12:57:21.823 [http-nio-8088-exec-3] ERROR com.juxue.web.controller.CustomerContoller.getCusDeptToUserInfo(CustomerContoller.java:58) - 推送的易聊的创建人是:juxuelx
2019-10-28 12:59:36.489 [http-nio-8088-exec-4] INFO  com.juxue.web.controller.CustomerContoller.getCusDeptToUserInfo(CustomerContoller.java:51) - 解析完成后生成文件:  2019-04-17 14:23:54: <br/>你好<br/> 2019-04-17 14:23:54: <br/>您留个接收短信的号码,我给您转发下2019年最新【官方报考流程和报考须知、专业、分数线、学校、费用、改革政策】短信，大概180字,您可以详细了解一下，可以帮助您报考的<br/> 2019-04-17 14:23:54: <br/>可以得 我得电话是 123123<br/> 2019-04-17 14:23:54: <br/>好的<br/> 2019-04-17 14:23:54: <br/>您留个接收短信的号码,我们<br/>
2019-10-28 12:59:36.613 [http-nio-8088-exec-4] INFO  com.juxue.web.controller.CustomerContoller.getCusDeptToUserInfo(CustomerContoller.java:56) - 推送回来的信息:{"msg":-1,"code":0,"data":""}
2019-10-28 12:59:36.613 [http-nio-8088-exec-4] ERROR com.juxue.web.controller.CustomerContoller.getCusDeptToUserInfo(CustomerContoller.java:58) - 推送的易聊的创建人是:juxuelx
2019-10-28 13:02:14.111 [http-nio-8088-exec-6] INFO  com.juxue.web.controller.CustomerContoller.getCusDeptToUserInfo(CustomerContoller.java:51) - 解析完成后生成文件:  2019-04-17 14:23:54: <br/>你好<br/> 2019-04-17 14:23:54: <br/>您留个接收短信的号码,我给您转发下2019年最新【官方报考流程和报考须知、专业、分数线、学校、费用、改革政策】短信，大概180字,您可以详细了解一下，可以帮助您报考的<br/> 2019-04-17 14:23:54: <br/>可以得 我得电话是 123123<br/> 2019-04-17 14:23:54: <br/>好的<br/> 2019-04-17 14:23:54: <br/>您留个接收短信的号码,我们<br/>
2019-10-28 13:02:14.499 [http-nio-8088-exec-6] INFO  com.juxue.web.controller.CustomerContoller.getCusDeptToUserInfo(CustomerContoller.java:56) - 推送回来的信息:{"msg":-1,"code":0,"data":""}
2019-10-28 13:02:14.500 [http-nio-8088-exec-6] ERROR com.juxue.web.controller.CustomerContoller.getCusDeptToUserInfo(CustomerContoller.java:58) - 推送的易聊的创建人是:juxuelx
2019-10-28 13:04:59.034 [http-nio-8088-exec-8] INFO  com.juxue.web.controller.CustomerContoller.getCusDeptToUserInfo(CustomerContoller.java:51) - 解析完成后生成文件:  2019-04-17 14:23:54: <br/>你好<br/> 2019-04-17 14:23:54: <br/>您留个接收短信的号码,我给您转发下2019年最新【官方报考流程和报考须知、专业、分数线、学校、费用、改革政策】短信，大概180字,您可以详细了解一下，可以帮助您报考的<br/> 2019-04-17 14:23:54: <br/>可以得 我得电话是 123123<br/> 2019-04-17 14:23:54: <br/>好的<br/> 2019-04-17 14:23:54: <br/>您留个接收短信的号码,我们<br/>
2019-10-28 13:04:59.450 [http-nio-8088-exec-8] INFO  com.juxue.web.controller.CustomerContoller.getCusDeptToUserInfo(CustomerContoller.java:56) - 推送回来的信息:{"msg":"新增推推广资源失败","code":500,"data":""}
2019-10-28 13:04:59.451 [http-nio-8088-exec-8] ERROR com.juxue.web.controller.CustomerContoller.getCusDeptToUserInfo(CustomerContoller.java:58) - 推送的易聊的创建人是:juxuelx
2019-10-28 13:10:42.378 [http-nio-8088-exec-2] INFO  com.juxue.web.controller.CustomerContoller.getCusDeptToUserInfo(CustomerContoller.java:51) - 解析完成后生成文件:  2019-04-17 14:23:54: <br/>你好<br/> 2019-04-17 14:23:54: <br/>您留个接收短信的号码,我给您转发下2019年最新【官方报考流程和报考须知、专业、分数线、学校、费用、改革政策】短信，大概180字,您可以详细了解一下，可以帮助您报考的<br/> 2019-04-17 14:23:54: <br/>可以得 我得电话是 123123<br/> 2019-04-17 14:23:54: <br/>好的<br/> 2019-04-17 14:23:54: <br/>您留个接收短信的号码,我们<br/>
2019-10-28 13:10:42.802 [http-nio-8088-exec-2] INFO  com.juxue.web.controller.CustomerContoller.getCusDeptToUserInfo(CustomerContoller.java:56) - 推送回来的信息:{"msg":-1,"code":0,"data":""}
2019-10-28 13:10:42.802 [http-nio-8088-exec-2] ERROR com.juxue.web.controller.CustomerContoller.getCusDeptToUserInfo(CustomerContoller.java:58) - 推送的易聊的创建人是:juxuelx
2019-10-28 13:10:57.534 [main] INFO  org.springframework.boot.StartupInfoLogger.logStarting(StartupInfoLogger.java:50) - Starting Application on DESKTOP-9B1Q9MI with PID 9704 (E:\customer_web\target\classes started by wx18 in E:\customer_web)
2019-10-28 13:10:57.535 [main] INFO  org.springframework.boot.SpringApplication.logStartupProfileInfo(SpringApplication.java:662) - No active profile set, falling back to default profiles: default
2019-10-28 13:10:57.595 [main] INFO  org.springframework.context.support.AbstractApplicationContext.prepareRefresh(AbstractApplicationContext.java:590) - Refreshing org.springframework.boot.web.servlet.context.AnnotationConfigServletWebServerApplicationContext@431cd9b2: startup date [Mon Oct 28 13:10:57 CST 2019]; root of context hierarchy
2019-10-28 13:10:58.601 [main] INFO  org.springframework.context.support.PostProcessorRegistrationDelegate$BeanPostProcessorChecker.postProcessAfterInitialization(PostProcessorRegistrationDelegate.java:326) - Bean 'asynConfig' of type [com.juxue.config.servlet.AsynConfig$$EnhancerBySpringCGLIB$$d49649ff] is not eligible for getting processed by all BeanPostProcessors (for example: not eligible for auto-proxying)
2019-10-28 13:10:58.608 [main] INFO  com.juxue.config.servlet.AsynConfig.getAsyncExecutor(AsynConfig.java:29) - ----多线程初始化
2019-10-28 13:10:58.611 [main] INFO  org.springframework.scheduling.concurrent.ExecutorConfigurationSupport.initialize(ExecutorConfigurationSupport.java:171) - Initializing ExecutorService 
2019-10-28 13:10:58.619 [main] INFO  org.springframework.scheduling.concurrent.ExecutorConfigurationSupport.initialize(ExecutorConfigurationSupport.java:171) - Initializing ExecutorService  'getAsyncExecutor'
2019-10-28 13:10:58.620 [main] INFO  org.springframework.context.support.PostProcessorRegistrationDelegate$BeanPostProcessorChecker.postProcessAfterInitialization(PostProcessorRegistrationDelegate.java:326) - Bean 'getAsyncExecutor' of type [org.springframework.scheduling.concurrent.ThreadPoolTaskExecutor] is not eligible for getting processed by all BeanPostProcessors (for example: not eligible for auto-proxying)
2019-10-28 13:10:59.000 [main] INFO  org.springframework.boot.web.embedded.tomcat.TomcatWebServer.initialize(TomcatWebServer.java:91) - Tomcat initialized with port(s): 8088 (http)
2019-10-28 13:10:59.009 [main] INFO  org.apache.juli.logging.DirectJDKLog.log(DirectJDKLog.java:180) - Initializing ProtocolHandler ["http-nio-8088"]
2019-10-28 13:10:59.015 [main] INFO  org.apache.juli.logging.DirectJDKLog.log(DirectJDKLog.java:180) - Starting service [Tomcat]
2019-10-28 13:10:59.016 [main] INFO  org.apache.juli.logging.DirectJDKLog.log(DirectJDKLog.java:180) - Starting Servlet Engine: Apache Tomcat/8.5.32
2019-10-28 13:10:59.020 [localhost-startStop-1] INFO  org.apache.juli.logging.DirectJDKLog.log(DirectJDKLog.java:180) - The APR based Apache Tomcat Native library which allows optimal performance in production environments was not found on the java.library.path: [D:\amp\jdk8\bin;C:\Windows\Sun\Java\bin;C:\Windows\system32;C:\Windows;C:\Program Files (x86)\Common Files\Oracle\Java\javapath;C:\Windows\system32;C:\Windows;C:\Windows\System32\Wbem;C:\Windows\System32\WindowsPowerShell\v1.0\;C:\Program Files\dotnet\;D:amp\apache-maven\bin;C:\Program Files\Git\cmd;C:\Program Files\TortoiseSVN\bin;D:\amp\jdk11\bin;C:\Program Files\MySQL\MySQL Server 5.5\bin;D:\node\;D:\amp\Go\bin;C:\Program Files\erl10.3\\bin;E:\goWork\bin;C:\Users\wx18\AppData\Local\Microsoft\WindowsApps;C:\Users\wx18\AppData\Roaming\npm;C:\Users\wx18\AppData\Local\Programs\Microsoft VS Code\bin;C:\Users\wx18\AppData\Local\atom\bin;;C:\Program Files\JetBrains\GoLand 2019.2.3\bin;;.]
2019-10-28 13:10:59.117 [localhost-startStop-1] INFO  org.apache.juli.logging.DirectJDKLog.log(DirectJDKLog.java:180) - Initializing Spring embedded WebApplicationContext
2019-10-28 13:10:59.117 [localhost-startStop-1] INFO  org.springframework.boot.web.servlet.context.ServletWebServerApplicationContext.prepareWebApplicationContext(ServletWebServerApplicationContext.java:285) - Root WebApplicationContext: initialization completed in 1522 ms
2019-10-28 13:10:59.140 [localhost-startStop-1] INFO  org.springframework.boot.web.servlet.ServletRegistrationBean.addRegistration(ServletRegistrationBean.java:187) - Servlet dispatcherServlet mapped to [/]
2019-10-28 13:10:59.143 [localhost-startStop-1] INFO  org.springframework.boot.web.servlet.AbstractFilterRegistrationBean.configure(AbstractFilterRegistrationBean.java:245) - Mapping filter: 'characterEncodingFilter' to: [/*]
2019-10-28 13:10:59.526 [main] INFO  org.springframework.web.servlet.handler.AbstractHandlerMethodMapping$MappingRegistry.register(AbstractHandlerMethodMapping.java:547) - Mapped "{[/getRecordTime],methods=[POST]}" onto public com.juxue.domain.APiResult com.juxue.web.controller.CustomerContoller.getRecordTime()
2019-10-28 13:10:59.528 [main] INFO  org.springframework.web.servlet.handler.AbstractHandlerMethodMapping$MappingRegistry.register(AbstractHandlerMethodMapping.java:547) - Mapped "{[/remote/remoteEmpInfor],methods=[POST],consumes=[application/json]}" onto public synchronized com.juxue.domain.APiResult com.juxue.web.controller.CustomerContoller.getCusDeptToUserInfo(com.juxue.entity.ExEmp)
2019-10-28 13:10:59.533 [main] INFO  org.springframework.web.servlet.handler.AbstractHandlerMethodMapping$MappingRegistry.register(AbstractHandlerMethodMapping.java:547) - Mapped "{[/swagger-resources/configuration/security]}" onto public org.springframework.http.ResponseEntity<springfox.documentation.swagger.web.SecurityConfiguration> springfox.documentation.swagger.web.ApiResourceController.securityConfiguration()
2019-10-28 13:10:59.534 [main] INFO  org.springframework.web.servlet.handler.AbstractHandlerMethodMapping$MappingRegistry.register(AbstractHandlerMethodMapping.java:547) - Mapped "{[/swagger-resources/configuration/ui]}" onto public org.springframework.http.ResponseEntity<springfox.documentation.swagger.web.UiConfiguration> springfox.documentation.swagger.web.ApiResourceController.uiConfiguration()
2019-10-28 13:10:59.535 [main] INFO  org.springframework.web.servlet.handler.AbstractHandlerMethodMapping$MappingRegistry.register(AbstractHandlerMethodMapping.java:547) - Mapped "{[/swagger-resources]}" onto public org.springframework.http.ResponseEntity<java.util.List<springfox.documentation.swagger.web.SwaggerResource>> springfox.documentation.swagger.web.ApiResourceController.swaggerResources()
2019-10-28 13:10:59.538 [main] INFO  org.springframework.web.servlet.handler.AbstractHandlerMethodMapping$MappingRegistry.register(AbstractHandlerMethodMapping.java:547) - Mapped "{[/error]}" onto public org.springframework.http.ResponseEntity<java.util.Map<java.lang.String, java.lang.Object>> org.springframework.boot.autoconfigure.web.servlet.error.BasicErrorController.error(javax.servlet.http.HttpServletRequest)
2019-10-28 13:10:59.539 [main] INFO  org.springframework.web.servlet.handler.AbstractHandlerMethodMapping$MappingRegistry.register(AbstractHandlerMethodMapping.java:547) - Mapped "{[/error],produces=[text/html]}" onto public org.springframework.web.servlet.ModelAndView org.springframework.boot.autoconfigure.web.servlet.error.BasicErrorController.errorHtml(javax.servlet.http.HttpServletRequest,javax.servlet.http.HttpServletResponse)
2019-10-28 13:10:59.659 [main] INFO  org.springframework.web.servlet.handler.AbstractUrlHandlerMapping.registerHandler(AbstractUrlHandlerMapping.java:373) - Mapped URL path [/swagger-ui.html] onto handler of type [class org.springframework.web.servlet.resource.ResourceHttpRequestHandler]
2019-10-28 13:10:59.659 [main] INFO  org.springframework.web.servlet.handler.AbstractUrlHandlerMapping.registerHandler(AbstractUrlHandlerMapping.java:373) - Mapped URL path [/webjars/**] onto handler of type [class org.springframework.web.servlet.resource.ResourceHttpRequestHandler]
2019-10-28 13:10:59.659 [main] INFO  org.springframework.web.servlet.handler.AbstractUrlHandlerMapping.registerHandler(AbstractUrlHandlerMapping.java:373) - Mapped URL path [/doc.html] onto handler of type [class org.springframework.web.servlet.resource.ResourceHttpRequestHandler]
2019-10-28 13:10:59.696 [main] INFO  org.springframework.web.servlet.mvc.method.annotation.RequestMappingHandlerAdapter.initControllerAdviceCache(RequestMappingHandlerAdapter.java:574) - Looking for @ControllerAdvice: org.springframework.boot.web.servlet.context.AnnotationConfigServletWebServerApplicationContext@431cd9b2: startup date [Mon Oct 28 13:10:57 CST 2019]; root of context hierarchy
2019-10-28 13:10:59.758 [main] INFO  springfox.documentation.spring.web.PropertySourcedRequestMappingHandlerMapping.initHandlerMethods(PropertySourcedRequestMappingHandlerMapping.java:69) - Mapped URL path [/v2/api-docs] onto method [public org.springframework.http.ResponseEntity<springfox.documentation.spring.web.json.Json> springfox.documentation.swagger2.web.Swagger2Controller.getDocumentation(java.lang.String,javax.servlet.http.HttpServletRequest)]
2019-10-28 13:10:59.968 [main] INFO  org.springframework.jmx.export.MBeanExporter.afterSingletonsInstantiated(MBeanExporter.java:433) - Registering beans for JMX exposure on startup
2019-10-28 13:10:59.977 [main] INFO  org.springframework.context.support.DefaultLifecycleProcessor$LifecycleGroup.start(DefaultLifecycleProcessor.java:351) - Starting beans in phase 2147483647
2019-10-28 13:10:59.977 [main] INFO  springfox.documentation.spring.web.plugins.DocumentationPluginsBootstrapper.start(DocumentationPluginsBootstrapper.java:160) - Context refreshed
2019-10-28 13:10:59.994 [main] INFO  springfox.documentation.spring.web.plugins.DocumentationPluginsBootstrapper.start(DocumentationPluginsBootstrapper.java:163) - Found 1 custom documentation plugin(s)
2019-10-28 13:11:00.036 [main] INFO  springfox.documentation.spring.web.scanners.ApiListingReferenceScanner.scan(ApiListingReferenceScanner.java:41) - Scanning for api listing references
2019-10-28 13:11:00.224 [main] INFO  org.apache.juli.logging.DirectJDKLog.log(DirectJDKLog.java:180) - Starting ProtocolHandler ["http-nio-8088"]
2019-10-28 13:11:00.234 [main] INFO  org.apache.juli.logging.DirectJDKLog.log(DirectJDKLog.java:180) - Using a shared selector for servlet write/read
2019-10-28 13:11:00.248 [main] INFO  org.springframework.boot.web.embedded.tomcat.TomcatWebServer.start(TomcatWebServer.java:206) - Tomcat started on port(s): 8088 (http) with context path '/cmsTurn'
2019-10-28 13:11:00.252 [main] INFO  org.springframework.boot.StartupInfoLogger.logStarted(StartupInfoLogger.java:59) - Started Application in 3.397 seconds (JVM running for 4.7)
2019-10-28 13:11:20.540 [http-nio-8088-exec-1] INFO  org.apache.juli.logging.DirectJDKLog.log(DirectJDKLog.java:180) - Initializing Spring FrameworkServlet 'dispatcherServlet'
2019-10-28 13:11:20.541 [http-nio-8088-exec-1] INFO  org.springframework.web.servlet.FrameworkServlet.initServletBean(FrameworkServlet.java:494) - FrameworkServlet 'dispatcherServlet': initialization started
2019-10-28 13:11:20.556 [http-nio-8088-exec-1] INFO  org.springframework.web.servlet.FrameworkServlet.initServletBean(FrameworkServlet.java:509) - FrameworkServlet 'dispatcherServlet': initialization completed in 15 ms
2019-10-28 13:11:20.611 [http-nio-8088-exec-1] INFO  com.juxue.web.controller.CustomerContoller.getCusDeptToUserInfo(CustomerContoller.java:52) - 解析完成后生成文件:  2019-04-17 14:23:54: <br/>你好<br/> 2019-04-17 14:23:54: <br/>您留个接收短信的号码,我给您转发下2019年最新【官方报考流程和报考须知、专业、分数线、学校、费用、改革政策】短信，大概180字,您可以详细了解一下，可以帮助您报考的<br/> 2019-04-17 14:23:54: <br/>可以得 我得电话是 123123<br/> 2019-04-17 14:23:54: <br/>好的<br/> 2019-04-17 14:23:54: <br/>您留个接收短信的号码,我们<br/>
2019-10-28 13:11:20.671 [http-nio-8088-exec-1] INFO  com.juxue.web.controller.CustomerContoller.getCusDeptToUserInfo(CustomerContoller.java:57) - 推送回来的信息:{"msg":-1,"code":0,"data":""}
2019-10-28 13:12:17.019 [http-nio-8088-exec-2] INFO  com.juxue.web.controller.CustomerContoller.getCusDeptToUserInfo(CustomerContoller.java:52) - 解析完成后生成文件:  2019-04-17 14:23:54: <br/>你好<br/> 2019-04-17 14:23:54: <br/>您留个接收短信的号码,我给您转发下2019年最新【官方报考流程和报考须知、专业、分数线、学校、费用、改革政策】短信，大概180字,您可以详细了解一下，可以帮助您报考的<br/> 2019-04-17 14:23:54: <br/>可以得 我得电话是 123123<br/> 2019-04-17 14:23:54: <br/>好的<br/> 2019-04-17 14:23:54: <br/>您留个接收短信的号码,我们<br/>
2019-10-28 13:12:17.486 [http-nio-8088-exec-2] INFO  com.juxue.web.controller.CustomerContoller.getCusDeptToUserInfo(CustomerContoller.java:57) - 推送回来的信息:{"msg":"新增推推广资源失败","code":500,"data":""}
