2020-03-16 08:47:43.166 [main] INFO  org.springframework.boot.StartupInfoLogger.logStarting(StartupInfoLogger.java:50) - Starting Application on DESKTOP-9B1Q9MI with PID 3728 (E:\common_web\target\classes started by wx18 in E:\common_web)
2020-03-16 08:47:43.222 [main] INFO  org.springframework.boot.SpringApplication.logStartupProfileInfo(SpringApplication.java:662) - No active profile set, falling back to default profiles: default
2020-03-16 08:47:43.380 [main] INFO  org.springframework.context.support.AbstractApplicationContext.prepareRefresh(AbstractApplicationContext.java:590) - Refreshing org.springframework.boot.web.servlet.context.AnnotationConfigServletWebServerApplicationContext@210ab13f: startup date [Mon Mar 16 08:47:43 CST 2020]; root of context hierarchy
2020-03-16 08:47:44.483 [main] INFO  org.springframework.context.support.PostProcessorRegistrationDelegate$BeanPostProcessorChecker.postProcessAfterInitialization(PostProcessorRegistrationDelegate.java:326) - Bean 'asynConfig' of type [com.juxue.config.servlet.AsynConfig$$EnhancerBySpringCGLIB$$772dfa1e] is not eligible for getting processed by all BeanPostProcessors (for example: not eligible for auto-proxying)
2020-03-16 08:47:44.490 [main] INFO  com.juxue.config.servlet.AsynConfig.getAsyncExecutor(AsynConfig.java:29) - ----多线程初始化
2020-03-16 08:47:44.492 [main] INFO  org.springframework.scheduling.concurrent.ExecutorConfigurationSupport.initialize(ExecutorConfigurationSupport.java:171) - Initializing ExecutorService 
2020-03-16 08:47:44.498 [main] INFO  org.springframework.scheduling.concurrent.ExecutorConfigurationSupport.initialize(ExecutorConfigurationSupport.java:171) - Initializing ExecutorService  'getAsyncExecutor'
2020-03-16 08:47:44.499 [main] INFO  org.springframework.context.support.PostProcessorRegistrationDelegate$BeanPostProcessorChecker.postProcessAfterInitialization(PostProcessorRegistrationDelegate.java:326) - Bean 'getAsyncExecutor' of type [org.springframework.scheduling.concurrent.ThreadPoolTaskExecutor] is not eligible for getting processed by all BeanPostProcessors (for example: not eligible for auto-proxying)
2020-03-16 08:47:45.033 [main] INFO  org.springframework.boot.web.embedded.tomcat.TomcatWebServer.initialize(TomcatWebServer.java:91) - Tomcat initialized with port(s): 8088 (http)
2020-03-16 08:47:45.046 [main] INFO  org.apache.juli.logging.DirectJDKLog.log(DirectJDKLog.java:180) - Initializing ProtocolHandler ["http-nio-8088"]
2020-03-16 08:47:45.058 [main] INFO  org.apache.juli.logging.DirectJDKLog.log(DirectJDKLog.java:180) - Starting service [Tomcat]
2020-03-16 08:47:45.059 [main] INFO  org.apache.juli.logging.DirectJDKLog.log(DirectJDKLog.java:180) - Starting Servlet Engine: Apache Tomcat/8.5.32
2020-03-16 08:47:45.072 [localhost-startStop-1] INFO  org.apache.juli.logging.DirectJDKLog.log(DirectJDKLog.java:180) - The APR based Apache Tomcat Native library which allows optimal performance in production environments was not found on the java.library.path: [D:\amp\jdk8\bin;C:\Windows\Sun\Java\bin;C:\Windows\system32;C:\Windows;C:\Program Files (x86)\NetSarang\Xftp 6\;C:\Program Files\Python38\Scripts\;C:\Program Files\Python38\;C:\Program Files (x86)\Common Files\Oracle\Java\javapath;C:\Windows\system32;C:\Windows;C:\Windows\System32\Wbem;C:\Windows\System32\WindowsPowerShell\v1.0\;C:\Program Files\dotnet\;D:amp\apache-maven\bin;C:\Program Files\TortoiseSVN\bin;D:\amp\jdk11\bin;C:\Program Files\MySQL\MySQL Server 5.5\bin;D:\node\;C:\Program Files\erl10.3\\bin;E:\goWork\bin;C:\Go\bin;C:\Program Files\Git\cmd;C:\Users\wx18\AppData\Local\Microsoft\WindowsApps;C:\Users\wx18\AppData\Roaming\npm;C:\Users\wx18\AppData\Local\Programs\Microsoft VS Code\bin;C:\Users\wx18\AppData\Local\atom\bin;;C:\Users\wx18\AppData\Local\Programs\Fiddler;.]
2020-03-16 08:47:45.201 [localhost-startStop-1] INFO  org.apache.juli.logging.DirectJDKLog.log(DirectJDKLog.java:180) - Initializing Spring embedded WebApplicationContext
2020-03-16 08:47:45.202 [localhost-startStop-1] INFO  org.springframework.boot.web.servlet.context.ServletWebServerApplicationContext.prepareWebApplicationContext(ServletWebServerApplicationContext.java:285) - Root WebApplicationContext: initialization completed in 1822 ms
2020-03-16 08:47:45.362 [localhost-startStop-1] INFO  org.springframework.boot.web.servlet.ServletRegistrationBean.addRegistration(ServletRegistrationBean.java:187) - Servlet dispatcherServlet mapped to [/]
2020-03-16 08:47:45.366 [localhost-startStop-1] INFO  org.springframework.boot.web.servlet.AbstractFilterRegistrationBean.configure(AbstractFilterRegistrationBean.java:245) - Mapping filter: 'characterEncodingFilter' to: [/*]
2020-03-16 08:47:45.366 [localhost-startStop-1] INFO  org.springframework.boot.web.servlet.AbstractFilterRegistrationBean.configure(AbstractFilterRegistrationBean.java:245) - Mapping filter: 'productionSecurityFilter' to: [/*]
2020-03-16 08:47:45.367 [localhost-startStop-1] INFO  org.springframework.boot.web.servlet.AbstractFilterRegistrationBean.configure(AbstractFilterRegistrationBean.java:245) - Mapping filter: 'securityBasicAuthFilter' to: [/*]
2020-03-16 08:47:45.999 [main] INFO  org.jodconverter.office.OfficeProcessManager.submitAndWait(OfficeProcessManager.java:294) - Submitting task 'Start' and waiting...
2020-03-16 08:47:46.630 [OfficeProcessThread-0] WARN  org.jodconverter.office.OfficeProcess.prepareInstanceProfileDir(OfficeProcess.java:297) - Profile dir 'C:\Users\wx18\AppData\Local\Temp\.jodconverter_socket_host-127.0.0.1_port-8100_tcpNoDelay-1' already exists; deleting
2020-03-16 08:47:46.977 [OfficeProcessThread-0] INFO  org.jodconverter.office.OfficeDescriptor.fromExecutablePath(OfficeDescriptor.java:97) - soffice info (from exec path): Product: OpenOffice - Version: ??? - useLongOptionNameGnuStyle: false
2020-03-16 08:47:46.978 [OfficeProcessThread-0] INFO  org.jodconverter.office.OfficeProcess.start(OfficeProcess.java:395) - Starting process with acceptString 'socket,host=127.0.0.1,port=8100,tcpNoDelay=1;urp;StarOffice.ServiceManager' and profileDir 'C:\Users\wx18\AppData\Local\Temp\.jodconverter_socket_host-127.0.0.1_port-8100_tcpNoDelay-1'
2020-03-16 08:47:47.589 [OfficeProcessThread-0] INFO  org.jodconverter.office.OfficeProcess.start(OfficeProcess.java:402) - Started process; pid = 2536
2020-03-16 08:47:56.954 [OfficeProcessThread-0] INFO  org.jodconverter.office.OfficeConnection.connect(OfficeConnection.java:159) - Connected: 'socket,host=127.0.0.1,port=8100,tcpNoDelay=1'
2020-03-16 08:47:57.262 [main] INFO  org.springframework.web.servlet.handler.AbstractHandlerMethodMapping$MappingRegistry.register(AbstractHandlerMethodMapping.java:547) - Mapped "{[/file/parse2pdf],methods=[GET]}" onto public com.juxue.domain.APiResult com.juxue.web.controller.CustomerContoller.fileUploadController(java.lang.String)
2020-03-16 08:47:57.264 [main] INFO  org.springframework.web.servlet.handler.AbstractHandlerMethodMapping$MappingRegistry.register(AbstractHandlerMethodMapping.java:547) - Mapped "{[/file/upload],methods=[POST],consumes=[multipart/form-data]}" onto public com.juxue.domain.APiResult com.juxue.web.controller.CustomerContoller.fileUploadController(org.springframework.web.multipart.MultipartFile[])
2020-03-16 08:47:57.264 [main] INFO  org.springframework.web.servlet.handler.AbstractHandlerMethodMapping$MappingRegistry.register(AbstractHandlerMethodMapping.java:547) - Mapped "{[/file/upload2pdf],methods=[POST],consumes=[multipart/form-data]}" onto public com.juxue.domain.APiResult com.juxue.web.controller.CustomerContoller.upload2pdf(org.springframework.web.multipart.MultipartFile[])
2020-03-16 08:47:57.264 [main] INFO  org.springframework.web.servlet.handler.AbstractHandlerMethodMapping$MappingRegistry.register(AbstractHandlerMethodMapping.java:547) - Mapped "{[/file/getpdfColumn],methods=[GET]}" onto public com.juxue.domain.APiResult com.juxue.web.controller.CustomerContoller.getpdfColumn(java.lang.String)
2020-03-16 08:47:57.268 [main] INFO  org.springframework.web.servlet.handler.AbstractHandlerMethodMapping$MappingRegistry.register(AbstractHandlerMethodMapping.java:547) - Mapped "{[/swagger-resources/configuration/security]}" onto public org.springframework.http.ResponseEntity<springfox.documentation.swagger.web.SecurityConfiguration> springfox.documentation.swagger.web.ApiResourceController.securityConfiguration()
2020-03-16 08:47:57.269 [main] INFO  org.springframework.web.servlet.handler.AbstractHandlerMethodMapping$MappingRegistry.register(AbstractHandlerMethodMapping.java:547) - Mapped "{[/swagger-resources]}" onto public org.springframework.http.ResponseEntity<java.util.List<springfox.documentation.swagger.web.SwaggerResource>> springfox.documentation.swagger.web.ApiResourceController.swaggerResources()
2020-03-16 08:47:57.270 [main] INFO  org.springframework.web.servlet.handler.AbstractHandlerMethodMapping$MappingRegistry.register(AbstractHandlerMethodMapping.java:547) - Mapped "{[/swagger-resources/configuration/ui]}" onto public org.springframework.http.ResponseEntity<springfox.documentation.swagger.web.UiConfiguration> springfox.documentation.swagger.web.ApiResourceController.uiConfiguration()
2020-03-16 08:47:57.272 [main] INFO  org.springframework.web.servlet.handler.AbstractHandlerMethodMapping$MappingRegistry.register(AbstractHandlerMethodMapping.java:547) - Mapped "{[/v2/api-docs-ext],methods=[GET],produces=[application/json || application/hal+json]}" onto public org.springframework.http.ResponseEntity<springfox.documentation.spring.web.json.Json> com.github.xiaoymin.swaggerbootstrapui.web.SwaggerBootstrapUiController.apiSorts(java.lang.String,javax.servlet.http.HttpServletRequest)
2020-03-16 08:47:57.273 [main] INFO  org.springframework.web.servlet.handler.AbstractHandlerMethodMapping$MappingRegistry.register(AbstractHandlerMethodMapping.java:547) - Mapped "{[/swagger-resources-ext]}" onto public org.springframework.http.ResponseEntity<java.util.List<com.github.xiaoymin.swaggerbootstrapui.model.SwaggerResourceExt>> com.github.xiaoymin.swaggerbootstrapui.web.SwaggerBootstrapUiResourceExtController.swaggerResources()
2020-03-16 08:47:57.276 [main] INFO  org.springframework.web.servlet.handler.AbstractHandlerMethodMapping$MappingRegistry.register(AbstractHandlerMethodMapping.java:547) - Mapped "{[/error]}" onto public org.springframework.http.ResponseEntity<java.util.Map<java.lang.String, java.lang.Object>> org.springframework.boot.autoconfigure.web.servlet.error.BasicErrorController.error(javax.servlet.http.HttpServletRequest)
2020-03-16 08:47:57.276 [main] INFO  org.springframework.web.servlet.handler.AbstractHandlerMethodMapping$MappingRegistry.register(AbstractHandlerMethodMapping.java:547) - Mapped "{[/error],produces=[text/html]}" onto public org.springframework.web.servlet.ModelAndView org.springframework.boot.autoconfigure.web.servlet.error.BasicErrorController.errorHtml(javax.servlet.http.HttpServletRequest,javax.servlet.http.HttpServletResponse)
2020-03-16 08:47:57.448 [main] INFO  org.springframework.web.servlet.handler.AbstractUrlHandlerMapping.registerHandler(AbstractUrlHandlerMapping.java:373) - Mapped URL path [/swagger-ui.html] onto handler of type [class org.springframework.web.servlet.resource.ResourceHttpRequestHandler]
2020-03-16 08:47:57.449 [main] INFO  org.springframework.web.servlet.handler.AbstractUrlHandlerMapping.registerHandler(AbstractUrlHandlerMapping.java:373) - Mapped URL path [/webjars/**] onto handler of type [class org.springframework.web.servlet.resource.ResourceHttpRequestHandler]
2020-03-16 08:47:57.449 [main] INFO  org.springframework.web.servlet.handler.AbstractUrlHandlerMapping.registerHandler(AbstractUrlHandlerMapping.java:373) - Mapped URL path [/doc.html] onto handler of type [class org.springframework.web.servlet.resource.ResourceHttpRequestHandler]
2020-03-16 08:47:57.449 [main] INFO  org.springframework.web.servlet.handler.AbstractUrlHandlerMapping.registerHandler(AbstractUrlHandlerMapping.java:373) - Mapped URL path [/static/**] onto handler of type [class org.springframework.web.servlet.resource.ResourceHttpRequestHandler]
2020-03-16 08:47:57.449 [main] INFO  org.springframework.web.servlet.handler.AbstractUrlHandlerMapping.registerHandler(AbstractUrlHandlerMapping.java:373) - Mapped URL path [/**] onto handler of type [class org.springframework.web.servlet.resource.ResourceHttpRequestHandler]
2020-03-16 08:47:57.516 [main] INFO  org.springframework.web.servlet.mvc.method.annotation.RequestMappingHandlerAdapter.initControllerAdviceCache(RequestMappingHandlerAdapter.java:574) - Looking for @ControllerAdvice: org.springframework.boot.web.servlet.context.AnnotationConfigServletWebServerApplicationContext@210ab13f: startup date [Mon Mar 16 08:47:43 CST 2020]; root of context hierarchy
2020-03-16 08:47:57.585 [main] INFO  springfox.documentation.spring.web.PropertySourcedRequestMappingHandlerMapping.initHandlerMethods(PropertySourcedRequestMappingHandlerMapping.java:69) - Mapped URL path [/v2/api-docs] onto method [public org.springframework.http.ResponseEntity<springfox.documentation.spring.web.json.Json> springfox.documentation.swagger2.web.Swagger2Controller.getDocumentation(java.lang.String,javax.servlet.http.HttpServletRequest)]
2020-03-16 08:47:57.901 [main] INFO  org.springframework.jmx.export.MBeanExporter.afterSingletonsInstantiated(MBeanExporter.java:433) - Registering beans for JMX exposure on startup
2020-03-16 08:47:57.918 [main] INFO  org.springframework.context.support.DefaultLifecycleProcessor$LifecycleGroup.start(DefaultLifecycleProcessor.java:351) - Starting beans in phase 2147483647
2020-03-16 08:47:57.918 [main] INFO  springfox.documentation.spring.web.plugins.DocumentationPluginsBootstrapper.start(DocumentationPluginsBootstrapper.java:160) - Context refreshed
2020-03-16 08:47:57.944 [main] INFO  springfox.documentation.spring.web.plugins.DocumentationPluginsBootstrapper.start(DocumentationPluginsBootstrapper.java:163) - Found 1 custom documentation plugin(s)
2020-03-16 08:47:57.973 [main] INFO  springfox.documentation.spring.web.scanners.ApiListingReferenceScanner.scan(ApiListingReferenceScanner.java:41) - Scanning for api listing references
2020-03-16 08:47:58.152 [main] INFO  org.apache.juli.logging.DirectJDKLog.log(DirectJDKLog.java:180) - Starting ProtocolHandler ["http-nio-8088"]
2020-03-16 08:47:58.171 [main] INFO  org.apache.juli.logging.DirectJDKLog.log(DirectJDKLog.java:180) - Using a shared selector for servlet write/read
2020-03-16 08:47:58.196 [main] INFO  org.springframework.boot.web.embedded.tomcat.TomcatWebServer.start(TomcatWebServer.java:206) - Tomcat started on port(s): 8088 (http) with context path '/commonWeb'
2020-03-16 08:47:58.220 [main] INFO  org.springframework.boot.StartupInfoLogger.logStarted(StartupInfoLogger.java:59) - Started Application in 15.664 seconds (JVM running for 18.397)
2020-03-16 08:48:38.867 [http-nio-8088-exec-1] INFO  org.apache.juli.logging.DirectJDKLog.log(DirectJDKLog.java:180) - Initializing Spring FrameworkServlet 'dispatcherServlet'
2020-03-16 08:48:38.867 [http-nio-8088-exec-1] INFO  org.springframework.web.servlet.FrameworkServlet.initServletBean(FrameworkServlet.java:494) - FrameworkServlet 'dispatcherServlet': initialization started
2020-03-16 08:48:38.883 [http-nio-8088-exec-1] INFO  org.springframework.web.servlet.FrameworkServlet.initServletBean(FrameworkServlet.java:509) - FrameworkServlet 'dispatcherServlet': initialization completed in 15 ms
2020-03-16 14:17:59.886 [main] INFO  org.springframework.boot.StartupInfoLogger.logStarting(StartupInfoLogger.java:50) - Starting Application on DESKTOP-9B1Q9MI with PID 11612 (E:\common_web\target\classes started by wx18 in E:\common_web)
2020-03-16 14:17:59.928 [main] INFO  org.springframework.boot.SpringApplication.logStartupProfileInfo(SpringApplication.java:662) - No active profile set, falling back to default profiles: default
2020-03-16 14:18:00.018 [main] INFO  org.springframework.context.support.AbstractApplicationContext.prepareRefresh(AbstractApplicationContext.java:590) - Refreshing org.springframework.boot.web.servlet.context.AnnotationConfigServletWebServerApplicationContext@624ea235: startup date [Mon Mar 16 14:18:00 CST 2020]; root of context hierarchy
2020-03-16 14:18:04.282 [main] INFO  org.springframework.context.support.PostProcessorRegistrationDelegate$BeanPostProcessorChecker.postProcessAfterInitialization(PostProcessorRegistrationDelegate.java:326) - Bean 'asynConfig' of type [com.juxue.config.servlet.AsynConfig$$EnhancerBySpringCGLIB$$d7d789fc] is not eligible for getting processed by all BeanPostProcessors (for example: not eligible for auto-proxying)
2020-03-16 14:18:04.288 [main] INFO  com.juxue.config.servlet.AsynConfig.getAsyncExecutor(AsynConfig.java:29) - ----多线程初始化
2020-03-16 14:18:04.317 [main] INFO  org.springframework.scheduling.concurrent.ExecutorConfigurationSupport.initialize(ExecutorConfigurationSupport.java:171) - Initializing ExecutorService 
2020-03-16 14:18:04.324 [main] INFO  org.springframework.scheduling.concurrent.ExecutorConfigurationSupport.initialize(ExecutorConfigurationSupport.java:171) - Initializing ExecutorService  'getAsyncExecutor'
2020-03-16 14:18:04.324 [main] INFO  org.springframework.context.support.PostProcessorRegistrationDelegate$BeanPostProcessorChecker.postProcessAfterInitialization(PostProcessorRegistrationDelegate.java:326) - Bean 'getAsyncExecutor' of type [org.springframework.scheduling.concurrent.ThreadPoolTaskExecutor] is not eligible for getting processed by all BeanPostProcessors (for example: not eligible for auto-proxying)
2020-03-16 14:18:05.174 [main] INFO  org.springframework.boot.web.embedded.tomcat.TomcatWebServer.initialize(TomcatWebServer.java:91) - Tomcat initialized with port(s): 8088 (http)
2020-03-16 14:18:05.197 [main] INFO  org.apache.juli.logging.DirectJDKLog.log(DirectJDKLog.java:180) - Initializing ProtocolHandler ["http-nio-8088"]
2020-03-16 14:18:05.210 [main] INFO  org.apache.juli.logging.DirectJDKLog.log(DirectJDKLog.java:180) - Starting service [Tomcat]
2020-03-16 14:18:05.211 [main] INFO  org.apache.juli.logging.DirectJDKLog.log(DirectJDKLog.java:180) - Starting Servlet Engine: Apache Tomcat/8.5.32
2020-03-16 14:18:05.223 [localhost-startStop-1] INFO  org.apache.juli.logging.DirectJDKLog.log(DirectJDKLog.java:180) - The APR based Apache Tomcat Native library which allows optimal performance in production environments was not found on the java.library.path: [D:\amp\jdk8\bin;C:\Windows\Sun\Java\bin;C:\Windows\system32;C:\Windows;C:\Program Files (x86)\NetSarang\Xftp 6\;C:\Program Files\Python38\Scripts\;C:\Program Files\Python38\;C:\Program Files (x86)\Common Files\Oracle\Java\javapath;C:\Windows\system32;C:\Windows;C:\Windows\System32\Wbem;C:\Windows\System32\WindowsPowerShell\v1.0\;C:\Program Files\dotnet\;D:amp\apache-maven\bin;C:\Program Files\TortoiseSVN\bin;D:\amp\jdk11\bin;C:\Program Files\MySQL\MySQL Server 5.5\bin;D:\node\;C:\Program Files\erl10.3\\bin;E:\goWork\bin;C:\Go\bin;C:\Program Files\Git\cmd;C:\Users\wx18\AppData\Local\Microsoft\WindowsApps;C:\Users\wx18\AppData\Roaming\npm;C:\Users\wx18\AppData\Local\Programs\Microsoft VS Code\bin;C:\Users\wx18\AppData\Local\atom\bin;;C:\Users\wx18\AppData\Local\Programs\Fiddler;.]
2020-03-16 14:18:05.542 [localhost-startStop-1] INFO  org.apache.juli.logging.DirectJDKLog.log(DirectJDKLog.java:180) - Initializing Spring embedded WebApplicationContext
2020-03-16 14:18:05.542 [localhost-startStop-1] INFO  org.springframework.boot.web.servlet.context.ServletWebServerApplicationContext.prepareWebApplicationContext(ServletWebServerApplicationContext.java:285) - Root WebApplicationContext: initialization completed in 5524 ms
2020-03-16 14:18:05.759 [localhost-startStop-1] INFO  org.springframework.boot.web.servlet.ServletRegistrationBean.addRegistration(ServletRegistrationBean.java:187) - Servlet dispatcherServlet mapped to [/]
2020-03-16 14:18:05.764 [localhost-startStop-1] INFO  org.springframework.boot.web.servlet.AbstractFilterRegistrationBean.configure(AbstractFilterRegistrationBean.java:245) - Mapping filter: 'characterEncodingFilter' to: [/*]
2020-03-16 14:18:05.764 [localhost-startStop-1] INFO  org.springframework.boot.web.servlet.AbstractFilterRegistrationBean.configure(AbstractFilterRegistrationBean.java:245) - Mapping filter: 'productionSecurityFilter' to: [/*]
2020-03-16 14:18:05.764 [localhost-startStop-1] INFO  org.springframework.boot.web.servlet.AbstractFilterRegistrationBean.configure(AbstractFilterRegistrationBean.java:245) - Mapping filter: 'securityBasicAuthFilter' to: [/*]
2020-03-16 14:18:07.098 [main] INFO  org.jodconverter.office.OfficeProcessManager.submitAndWait(OfficeProcessManager.java:294) - Submitting task 'Start' and waiting...
2020-03-16 14:18:07.829 [OfficeProcessThread-0] WARN  org.jodconverter.office.OfficeProcess.prepareInstanceProfileDir(OfficeProcess.java:297) - Profile dir 'C:\Users\wx18\AppData\Local\Temp\.jodconverter_socket_host-127.0.0.1_port-8100_tcpNoDelay-1' already exists; deleting
2020-03-16 14:18:08.145 [OfficeProcessThread-0] INFO  org.jodconverter.office.OfficeDescriptor.fromExecutablePath(OfficeDescriptor.java:97) - soffice info (from exec path): Product: OpenOffice - Version: ??? - useLongOptionNameGnuStyle: false
2020-03-16 14:18:08.146 [OfficeProcessThread-0] INFO  org.jodconverter.office.OfficeProcess.start(OfficeProcess.java:395) - Starting process with acceptString 'socket,host=127.0.0.1,port=8100,tcpNoDelay=1;urp;StarOffice.ServiceManager' and profileDir 'C:\Users\wx18\AppData\Local\Temp\.jodconverter_socket_host-127.0.0.1_port-8100_tcpNoDelay-1'
2020-03-16 14:18:08.848 [OfficeProcessThread-0] INFO  org.jodconverter.office.OfficeProcess.start(OfficeProcess.java:402) - Started process; pid = 2220
2020-03-16 14:18:19.410 [OfficeProcessThread-0] INFO  org.jodconverter.office.OfficeConnection.connect(OfficeConnection.java:159) - Connected: 'socket,host=127.0.0.1,port=8100,tcpNoDelay=1'
2020-03-16 14:18:20.194 [main] INFO  org.springframework.web.servlet.handler.AbstractHandlerMethodMapping$MappingRegistry.register(AbstractHandlerMethodMapping.java:547) - Mapped "{[/file/parse2pdf],methods=[GET]}" onto public com.juxue.domain.APiResult com.juxue.web.controller.CustomerContoller.fileUploadController(java.lang.String)
2020-03-16 14:18:20.201 [main] INFO  org.springframework.web.servlet.handler.AbstractHandlerMethodMapping$MappingRegistry.register(AbstractHandlerMethodMapping.java:547) - Mapped "{[/file/upload],methods=[POST],consumes=[multipart/form-data]}" onto public com.juxue.domain.APiResult com.juxue.web.controller.CustomerContoller.fileUploadController(org.springframework.web.multipart.MultipartFile[])
2020-03-16 14:18:20.202 [main] INFO  org.springframework.web.servlet.handler.AbstractHandlerMethodMapping$MappingRegistry.register(AbstractHandlerMethodMapping.java:547) - Mapped "{[/file/upload2pdf],methods=[POST],consumes=[multipart/form-data]}" onto public com.juxue.domain.APiResult com.juxue.web.controller.CustomerContoller.upload2pdf(org.springframework.web.multipart.MultipartFile[])
2020-03-16 14:18:20.202 [main] INFO  org.springframework.web.servlet.handler.AbstractHandlerMethodMapping$MappingRegistry.register(AbstractHandlerMethodMapping.java:547) - Mapped "{[/file/getpdfColumn],methods=[GET]}" onto public com.juxue.domain.APiResult com.juxue.web.controller.CustomerContoller.getpdfColumn(java.lang.String)
2020-03-16 14:18:20.206 [main] INFO  org.springframework.web.servlet.handler.AbstractHandlerMethodMapping$MappingRegistry.register(AbstractHandlerMethodMapping.java:547) - Mapped "{[/swagger-resources/configuration/security]}" onto public org.springframework.http.ResponseEntity<springfox.documentation.swagger.web.SecurityConfiguration> springfox.documentation.swagger.web.ApiResourceController.securityConfiguration()
2020-03-16 14:18:20.208 [main] INFO  org.springframework.web.servlet.handler.AbstractHandlerMethodMapping$MappingRegistry.register(AbstractHandlerMethodMapping.java:547) - Mapped "{[/swagger-resources/configuration/ui]}" onto public org.springframework.http.ResponseEntity<springfox.documentation.swagger.web.UiConfiguration> springfox.documentation.swagger.web.ApiResourceController.uiConfiguration()
2020-03-16 14:18:20.209 [main] INFO  org.springframework.web.servlet.handler.AbstractHandlerMethodMapping$MappingRegistry.register(AbstractHandlerMethodMapping.java:547) - Mapped "{[/swagger-resources]}" onto public org.springframework.http.ResponseEntity<java.util.List<springfox.documentation.swagger.web.SwaggerResource>> springfox.documentation.swagger.web.ApiResourceController.swaggerResources()
2020-03-16 14:18:20.215 [main] INFO  org.springframework.web.servlet.handler.AbstractHandlerMethodMapping$MappingRegistry.register(AbstractHandlerMethodMapping.java:547) - Mapped "{[/v2/api-docs-ext],methods=[GET],produces=[application/json || application/hal+json]}" onto public org.springframework.http.ResponseEntity<springfox.documentation.spring.web.json.Json> com.github.xiaoymin.swaggerbootstrapui.web.SwaggerBootstrapUiController.apiSorts(java.lang.String,javax.servlet.http.HttpServletRequest)
2020-03-16 14:18:20.217 [main] INFO  org.springframework.web.servlet.handler.AbstractHandlerMethodMapping$MappingRegistry.register(AbstractHandlerMethodMapping.java:547) - Mapped "{[/swagger-resources-ext]}" onto public org.springframework.http.ResponseEntity<java.util.List<com.github.xiaoymin.swaggerbootstrapui.model.SwaggerResourceExt>> com.github.xiaoymin.swaggerbootstrapui.web.SwaggerBootstrapUiResourceExtController.swaggerResources()
2020-03-16 14:18:20.219 [main] INFO  org.springframework.web.servlet.handler.AbstractHandlerMethodMapping$MappingRegistry.register(AbstractHandlerMethodMapping.java:547) - Mapped "{[/error]}" onto public org.springframework.http.ResponseEntity<java.util.Map<java.lang.String, java.lang.Object>> org.springframework.boot.autoconfigure.web.servlet.error.BasicErrorController.error(javax.servlet.http.HttpServletRequest)
2020-03-16 14:18:20.220 [main] INFO  org.springframework.web.servlet.handler.AbstractHandlerMethodMapping$MappingRegistry.register(AbstractHandlerMethodMapping.java:547) - Mapped "{[/error],produces=[text/html]}" onto public org.springframework.web.servlet.ModelAndView org.springframework.boot.autoconfigure.web.servlet.error.BasicErrorController.errorHtml(javax.servlet.http.HttpServletRequest,javax.servlet.http.HttpServletResponse)
2020-03-16 14:18:20.498 [main] INFO  org.springframework.web.servlet.handler.AbstractUrlHandlerMapping.registerHandler(AbstractUrlHandlerMapping.java:373) - Mapped URL path [/swagger-ui.html] onto handler of type [class org.springframework.web.servlet.resource.ResourceHttpRequestHandler]
2020-03-16 14:18:20.498 [main] INFO  org.springframework.web.servlet.handler.AbstractUrlHandlerMapping.registerHandler(AbstractUrlHandlerMapping.java:373) - Mapped URL path [/webjars/**] onto handler of type [class org.springframework.web.servlet.resource.ResourceHttpRequestHandler]
2020-03-16 14:18:20.498 [main] INFO  org.springframework.web.servlet.handler.AbstractUrlHandlerMapping.registerHandler(AbstractUrlHandlerMapping.java:373) - Mapped URL path [/doc.html] onto handler of type [class org.springframework.web.servlet.resource.ResourceHttpRequestHandler]
2020-03-16 14:18:20.498 [main] INFO  org.springframework.web.servlet.handler.AbstractUrlHandlerMapping.registerHandler(AbstractUrlHandlerMapping.java:373) - Mapped URL path [/static/**] onto handler of type [class org.springframework.web.servlet.resource.ResourceHttpRequestHandler]
2020-03-16 14:18:20.499 [main] INFO  org.springframework.web.servlet.handler.AbstractUrlHandlerMapping.registerHandler(AbstractUrlHandlerMapping.java:373) - Mapped URL path [/**] onto handler of type [class org.springframework.web.servlet.resource.ResourceHttpRequestHandler]
2020-03-16 14:18:20.556 [main] INFO  org.springframework.web.servlet.mvc.method.annotation.RequestMappingHandlerAdapter.initControllerAdviceCache(RequestMappingHandlerAdapter.java:574) - Looking for @ControllerAdvice: org.springframework.boot.web.servlet.context.AnnotationConfigServletWebServerApplicationContext@624ea235: startup date [Mon Mar 16 14:18:00 CST 2020]; root of context hierarchy
2020-03-16 14:18:20.604 [main] INFO  springfox.documentation.spring.web.PropertySourcedRequestMappingHandlerMapping.initHandlerMethods(PropertySourcedRequestMappingHandlerMapping.java:69) - Mapped URL path [/v2/api-docs] onto method [public org.springframework.http.ResponseEntity<springfox.documentation.spring.web.json.Json> springfox.documentation.swagger2.web.Swagger2Controller.getDocumentation(java.lang.String,javax.servlet.http.HttpServletRequest)]
2020-03-16 14:18:21.035 [main] INFO  org.springframework.jmx.export.MBeanExporter.afterSingletonsInstantiated(MBeanExporter.java:433) - Registering beans for JMX exposure on startup
2020-03-16 14:18:21.049 [main] INFO  org.springframework.context.support.DefaultLifecycleProcessor$LifecycleGroup.start(DefaultLifecycleProcessor.java:351) - Starting beans in phase 2147483647
2020-03-16 14:18:21.050 [main] INFO  springfox.documentation.spring.web.plugins.DocumentationPluginsBootstrapper.start(DocumentationPluginsBootstrapper.java:160) - Context refreshed
2020-03-16 14:18:21.090 [main] INFO  springfox.documentation.spring.web.plugins.DocumentationPluginsBootstrapper.start(DocumentationPluginsBootstrapper.java:163) - Found 1 custom documentation plugin(s)
2020-03-16 14:18:21.148 [main] INFO  springfox.documentation.spring.web.scanners.ApiListingReferenceScanner.scan(ApiListingReferenceScanner.java:41) - Scanning for api listing references
2020-03-16 14:18:21.440 [main] INFO  org.apache.juli.logging.DirectJDKLog.log(DirectJDKLog.java:180) - Starting ProtocolHandler ["http-nio-8088"]
2020-03-16 14:18:21.450 [main] INFO  org.apache.juli.logging.DirectJDKLog.log(DirectJDKLog.java:180) - Using a shared selector for servlet write/read
2020-03-16 14:18:21.494 [main] INFO  org.springframework.boot.web.embedded.tomcat.TomcatWebServer.start(TomcatWebServer.java:206) - Tomcat started on port(s): 8088 (http) with context path '/commonWeb'
2020-03-16 14:18:21.503 [main] INFO  org.springframework.boot.StartupInfoLogger.logStarted(StartupInfoLogger.java:59) - Started Application in 22.611 seconds (JVM running for 29.257)
2020-03-16 14:18:45.346 [http-nio-8088-exec-1] INFO  org.apache.juli.logging.DirectJDKLog.log(DirectJDKLog.java:180) - Initializing Spring FrameworkServlet 'dispatcherServlet'
2020-03-16 14:18:45.347 [http-nio-8088-exec-1] INFO  org.springframework.web.servlet.FrameworkServlet.initServletBean(FrameworkServlet.java:494) - FrameworkServlet 'dispatcherServlet': initialization started
2020-03-16 14:18:45.369 [http-nio-8088-exec-1] INFO  org.springframework.web.servlet.FrameworkServlet.initServletBean(FrameworkServlet.java:509) - FrameworkServlet 'dispatcherServlet': initialization completed in 22 ms
2020-03-16 14:19:55.277 [main] INFO  org.springframework.boot.StartupInfoLogger.logStarting(StartupInfoLogger.java:50) - Starting Application on DESKTOP-9B1Q9MI with PID 11880 (E:\common_web\target\classes started by wx18 in E:\common_web)
2020-03-16 14:19:55.283 [main] INFO  org.springframework.boot.SpringApplication.logStartupProfileInfo(SpringApplication.java:662) - No active profile set, falling back to default profiles: default
2020-03-16 14:19:55.428 [main] INFO  org.springframework.context.support.AbstractApplicationContext.prepareRefresh(AbstractApplicationContext.java:590) - Refreshing org.springframework.boot.web.servlet.context.AnnotationConfigServletWebServerApplicationContext@16150369: startup date [Mon Mar 16 14:19:55 CST 2020]; root of context hierarchy
2020-03-16 14:19:56.803 [main] INFO  org.springframework.context.support.PostProcessorRegistrationDelegate$BeanPostProcessorChecker.postProcessAfterInitialization(PostProcessorRegistrationDelegate.java:326) - Bean 'asynConfig' of type [com.juxue.config.servlet.AsynConfig$$EnhancerBySpringCGLIB$$9b1e7a94] is not eligible for getting processed by all BeanPostProcessors (for example: not eligible for auto-proxying)
2020-03-16 14:19:56.814 [main] INFO  com.juxue.config.servlet.AsynConfig.getAsyncExecutor(AsynConfig.java:29) - ----多线程初始化
2020-03-16 14:19:56.816 [main] INFO  org.springframework.scheduling.concurrent.ExecutorConfigurationSupport.initialize(ExecutorConfigurationSupport.java:171) - Initializing ExecutorService 
2020-03-16 14:19:56.825 [main] INFO  org.springframework.scheduling.concurrent.ExecutorConfigurationSupport.initialize(ExecutorConfigurationSupport.java:171) - Initializing ExecutorService  'getAsyncExecutor'
2020-03-16 14:19:56.825 [main] INFO  org.springframework.context.support.PostProcessorRegistrationDelegate$BeanPostProcessorChecker.postProcessAfterInitialization(PostProcessorRegistrationDelegate.java:326) - Bean 'getAsyncExecutor' of type [org.springframework.scheduling.concurrent.ThreadPoolTaskExecutor] is not eligible for getting processed by all BeanPostProcessors (for example: not eligible for auto-proxying)
2020-03-16 14:19:57.166 [main] INFO  org.springframework.boot.web.embedded.tomcat.TomcatWebServer.initialize(TomcatWebServer.java:91) - Tomcat initialized with port(s): 8088 (http)
2020-03-16 14:19:57.176 [main] INFO  org.apache.juli.logging.DirectJDKLog.log(DirectJDKLog.java:180) - Initializing ProtocolHandler ["http-nio-8088"]
2020-03-16 14:19:57.184 [main] INFO  org.apache.juli.logging.DirectJDKLog.log(DirectJDKLog.java:180) - Starting service [Tomcat]
2020-03-16 14:19:57.184 [main] INFO  org.apache.juli.logging.DirectJDKLog.log(DirectJDKLog.java:180) - Starting Servlet Engine: Apache Tomcat/8.5.32
2020-03-16 14:19:57.188 [localhost-startStop-1] INFO  org.apache.juli.logging.DirectJDKLog.log(DirectJDKLog.java:180) - The APR based Apache Tomcat Native library which allows optimal performance in production environments was not found on the java.library.path: [D:\amp\jdk8\bin;C:\Windows\Sun\Java\bin;C:\Windows\system32;C:\Windows;C:\Program Files (x86)\NetSarang\Xftp 6\;C:\Program Files\Python38\Scripts\;C:\Program Files\Python38\;C:\Program Files (x86)\Common Files\Oracle\Java\javapath;C:\Windows\system32;C:\Windows;C:\Windows\System32\Wbem;C:\Windows\System32\WindowsPowerShell\v1.0\;C:\Program Files\dotnet\;D:amp\apache-maven\bin;C:\Program Files\TortoiseSVN\bin;D:\amp\jdk11\bin;C:\Program Files\MySQL\MySQL Server 5.5\bin;D:\node\;C:\Program Files\erl10.3\\bin;E:\goWork\bin;C:\Go\bin;C:\Program Files\Git\cmd;C:\Users\wx18\AppData\Local\Microsoft\WindowsApps;C:\Users\wx18\AppData\Roaming\npm;C:\Users\wx18\AppData\Local\Programs\Microsoft VS Code\bin;C:\Users\wx18\AppData\Local\atom\bin;;C:\Users\wx18\AppData\Local\Programs\Fiddler;.]
2020-03-16 14:19:57.259 [localhost-startStop-1] INFO  org.apache.juli.logging.DirectJDKLog.log(DirectJDKLog.java:180) - Initializing Spring embedded WebApplicationContext
2020-03-16 14:19:57.259 [localhost-startStop-1] INFO  org.springframework.boot.web.servlet.context.ServletWebServerApplicationContext.prepareWebApplicationContext(ServletWebServerApplicationContext.java:285) - Root WebApplicationContext: initialization completed in 1831 ms
2020-03-16 14:19:57.300 [localhost-startStop-1] INFO  org.springframework.boot.web.servlet.ServletRegistrationBean.addRegistration(ServletRegistrationBean.java:187) - Servlet dispatcherServlet mapped to [/]
2020-03-16 14:19:57.303 [localhost-startStop-1] INFO  org.springframework.boot.web.servlet.AbstractFilterRegistrationBean.configure(AbstractFilterRegistrationBean.java:245) - Mapping filter: 'characterEncodingFilter' to: [/*]
2020-03-16 14:19:57.304 [localhost-startStop-1] INFO  org.springframework.boot.web.servlet.AbstractFilterRegistrationBean.configure(AbstractFilterRegistrationBean.java:245) - Mapping filter: 'productionSecurityFilter' to: [/*]
2020-03-16 14:19:57.304 [localhost-startStop-1] INFO  org.springframework.boot.web.servlet.AbstractFilterRegistrationBean.configure(AbstractFilterRegistrationBean.java:245) - Mapping filter: 'securityBasicAuthFilter' to: [/*]
2020-03-16 14:19:57.667 [main] INFO  org.jodconverter.office.OfficeProcessManager.submitAndWait(OfficeProcessManager.java:294) - Submitting task 'Start' and waiting...
2020-03-16 14:19:57.831 [OfficeProcessThread-0] WARN  org.jodconverter.office.OfficeProcess.prepareInstanceProfileDir(OfficeProcess.java:297) - Profile dir 'C:\Users\wx18\AppData\Local\Temp\.jodconverter_socket_host-127.0.0.1_port-8100_tcpNoDelay-1' already exists; deleting
2020-03-16 14:19:57.878 [OfficeProcessThread-0] INFO  org.jodconverter.office.OfficeDescriptor.fromExecutablePath(OfficeDescriptor.java:97) - soffice info (from exec path): Product: OpenOffice - Version: ??? - useLongOptionNameGnuStyle: false
2020-03-16 14:19:57.879 [OfficeProcessThread-0] INFO  org.jodconverter.office.OfficeProcess.start(OfficeProcess.java:395) - Starting process with acceptString 'socket,host=127.0.0.1,port=8100,tcpNoDelay=1;urp;StarOffice.ServiceManager' and profileDir 'C:\Users\wx18\AppData\Local\Temp\.jodconverter_socket_host-127.0.0.1_port-8100_tcpNoDelay-1'
2020-03-16 14:19:58.042 [OfficeProcessThread-0] INFO  org.jodconverter.office.OfficeProcess.start(OfficeProcess.java:402) - Started process; pid = 11544
2020-03-16 14:19:59.098 [OfficeProcessThread-0] INFO  org.jodconverter.office.OfficeConnection.connect(OfficeConnection.java:159) - Connected: 'socket,host=127.0.0.1,port=8100,tcpNoDelay=1'
2020-03-16 14:19:59.393 [main] INFO  org.springframework.web.servlet.handler.AbstractHandlerMethodMapping$MappingRegistry.register(AbstractHandlerMethodMapping.java:547) - Mapped "{[/file/upload2pdf],methods=[POST],consumes=[multipart/form-data]}" onto public com.juxue.domain.APiResult com.juxue.web.controller.CustomerContoller.upload2pdf(org.springframework.web.multipart.MultipartFile[])
2020-03-16 14:19:59.394 [main] INFO  org.springframework.web.servlet.handler.AbstractHandlerMethodMapping$MappingRegistry.register(AbstractHandlerMethodMapping.java:547) - Mapped "{[/file/getpdfColumn],methods=[GET]}" onto public com.juxue.domain.APiResult com.juxue.web.controller.CustomerContoller.getpdfColumn(java.lang.String)
2020-03-16 14:19:59.394 [main] INFO  org.springframework.web.servlet.handler.AbstractHandlerMethodMapping$MappingRegistry.register(AbstractHandlerMethodMapping.java:547) - Mapped "{[/file/upload],methods=[POST],consumes=[multipart/form-data]}" onto public com.juxue.domain.APiResult com.juxue.web.controller.CustomerContoller.fileUploadController(org.springframework.web.multipart.MultipartFile[])
2020-03-16 14:19:59.395 [main] INFO  org.springframework.web.servlet.handler.AbstractHandlerMethodMapping$MappingRegistry.register(AbstractHandlerMethodMapping.java:547) - Mapped "{[/file/parse2pdf],methods=[GET]}" onto public com.juxue.domain.APiResult com.juxue.web.controller.CustomerContoller.fileUploadController(java.lang.String)
2020-03-16 14:19:59.398 [main] INFO  org.springframework.web.servlet.handler.AbstractHandlerMethodMapping$MappingRegistry.register(AbstractHandlerMethodMapping.java:547) - Mapped "{[/swagger-resources]}" onto public org.springframework.http.ResponseEntity<java.util.List<springfox.documentation.swagger.web.SwaggerResource>> springfox.documentation.swagger.web.ApiResourceController.swaggerResources()
2020-03-16 14:19:59.399 [main] INFO  org.springframework.web.servlet.handler.AbstractHandlerMethodMapping$MappingRegistry.register(AbstractHandlerMethodMapping.java:547) - Mapped "{[/swagger-resources/configuration/ui]}" onto public org.springframework.http.ResponseEntity<springfox.documentation.swagger.web.UiConfiguration> springfox.documentation.swagger.web.ApiResourceController.uiConfiguration()
2020-03-16 14:19:59.400 [main] INFO  org.springframework.web.servlet.handler.AbstractHandlerMethodMapping$MappingRegistry.register(AbstractHandlerMethodMapping.java:547) - Mapped "{[/swagger-resources/configuration/security]}" onto public org.springframework.http.ResponseEntity<springfox.documentation.swagger.web.SecurityConfiguration> springfox.documentation.swagger.web.ApiResourceController.securityConfiguration()
2020-03-16 14:19:59.402 [main] INFO  org.springframework.web.servlet.handler.AbstractHandlerMethodMapping$MappingRegistry.register(AbstractHandlerMethodMapping.java:547) - Mapped "{[/v2/api-docs-ext],methods=[GET],produces=[application/json || application/hal+json]}" onto public org.springframework.http.ResponseEntity<springfox.documentation.spring.web.json.Json> com.github.xiaoymin.swaggerbootstrapui.web.SwaggerBootstrapUiController.apiSorts(java.lang.String,javax.servlet.http.HttpServletRequest)
2020-03-16 14:19:59.403 [main] INFO  org.springframework.web.servlet.handler.AbstractHandlerMethodMapping$MappingRegistry.register(AbstractHandlerMethodMapping.java:547) - Mapped "{[/swagger-resources-ext]}" onto public org.springframework.http.ResponseEntity<java.util.List<com.github.xiaoymin.swaggerbootstrapui.model.SwaggerResourceExt>> com.github.xiaoymin.swaggerbootstrapui.web.SwaggerBootstrapUiResourceExtController.swaggerResources()
2020-03-16 14:19:59.406 [main] INFO  org.springframework.web.servlet.handler.AbstractHandlerMethodMapping$MappingRegistry.register(AbstractHandlerMethodMapping.java:547) - Mapped "{[/error]}" onto public org.springframework.http.ResponseEntity<java.util.Map<java.lang.String, java.lang.Object>> org.springframework.boot.autoconfigure.web.servlet.error.BasicErrorController.error(javax.servlet.http.HttpServletRequest)
2020-03-16 14:19:59.407 [main] INFO  org.springframework.web.servlet.handler.AbstractHandlerMethodMapping$MappingRegistry.register(AbstractHandlerMethodMapping.java:547) - Mapped "{[/error],produces=[text/html]}" onto public org.springframework.web.servlet.ModelAndView org.springframework.boot.autoconfigure.web.servlet.error.BasicErrorController.errorHtml(javax.servlet.http.HttpServletRequest,javax.servlet.http.HttpServletResponse)
2020-03-16 14:19:59.575 [main] INFO  org.springframework.web.servlet.handler.AbstractUrlHandlerMapping.registerHandler(AbstractUrlHandlerMapping.java:373) - Mapped URL path [/swagger-ui.html] onto handler of type [class org.springframework.web.servlet.resource.ResourceHttpRequestHandler]
2020-03-16 14:19:59.575 [main] INFO  org.springframework.web.servlet.handler.AbstractUrlHandlerMapping.registerHandler(AbstractUrlHandlerMapping.java:373) - Mapped URL path [/webjars/**] onto handler of type [class org.springframework.web.servlet.resource.ResourceHttpRequestHandler]
2020-03-16 14:19:59.575 [main] INFO  org.springframework.web.servlet.handler.AbstractUrlHandlerMapping.registerHandler(AbstractUrlHandlerMapping.java:373) - Mapped URL path [/doc.html] onto handler of type [class org.springframework.web.servlet.resource.ResourceHttpRequestHandler]
2020-03-16 14:19:59.575 [main] INFO  org.springframework.web.servlet.handler.AbstractUrlHandlerMapping.registerHandler(AbstractUrlHandlerMapping.java:373) - Mapped URL path [/static/**] onto handler of type [class org.springframework.web.servlet.resource.ResourceHttpRequestHandler]
2020-03-16 14:19:59.575 [main] INFO  org.springframework.web.servlet.handler.AbstractUrlHandlerMapping.registerHandler(AbstractUrlHandlerMapping.java:373) - Mapped URL path [/**] onto handler of type [class org.springframework.web.servlet.resource.ResourceHttpRequestHandler]
2020-03-16 14:19:59.627 [main] INFO  org.springframework.web.servlet.mvc.method.annotation.RequestMappingHandlerAdapter.initControllerAdviceCache(RequestMappingHandlerAdapter.java:574) - Looking for @ControllerAdvice: org.springframework.boot.web.servlet.context.AnnotationConfigServletWebServerApplicationContext@16150369: startup date [Mon Mar 16 14:19:55 CST 2020]; root of context hierarchy
2020-03-16 14:19:59.679 [main] INFO  springfox.documentation.spring.web.PropertySourcedRequestMappingHandlerMapping.initHandlerMethods(PropertySourcedRequestMappingHandlerMapping.java:69) - Mapped URL path [/v2/api-docs] onto method [public org.springframework.http.ResponseEntity<springfox.documentation.spring.web.json.Json> springfox.documentation.swagger2.web.Swagger2Controller.getDocumentation(java.lang.String,javax.servlet.http.HttpServletRequest)]
2020-03-16 14:19:59.964 [main] INFO  org.springframework.jmx.export.MBeanExporter.afterSingletonsInstantiated(MBeanExporter.java:433) - Registering beans for JMX exposure on startup
2020-03-16 14:19:59.971 [main] INFO  org.springframework.context.support.DefaultLifecycleProcessor$LifecycleGroup.start(DefaultLifecycleProcessor.java:351) - Starting beans in phase 2147483647
2020-03-16 14:19:59.971 [main] INFO  springfox.documentation.spring.web.plugins.DocumentationPluginsBootstrapper.start(DocumentationPluginsBootstrapper.java:160) - Context refreshed
2020-03-16 14:19:59.984 [main] INFO  springfox.documentation.spring.web.plugins.DocumentationPluginsBootstrapper.start(DocumentationPluginsBootstrapper.java:163) - Found 1 custom documentation plugin(s)
2020-03-16 14:20:00.014 [main] INFO  springfox.documentation.spring.web.scanners.ApiListingReferenceScanner.scan(ApiListingReferenceScanner.java:41) - Scanning for api listing references
2020-03-16 14:20:00.133 [main] INFO  org.apache.juli.logging.DirectJDKLog.log(DirectJDKLog.java:180) - Starting ProtocolHandler ["http-nio-8088"]
2020-03-16 14:20:00.141 [main] INFO  org.apache.juli.logging.DirectJDKLog.log(DirectJDKLog.java:180) - Using a shared selector for servlet write/read
2020-03-16 14:20:00.154 [main] INFO  org.springframework.boot.web.embedded.tomcat.TomcatWebServer.start(TomcatWebServer.java:206) - Tomcat started on port(s): 8088 (http) with context path '/commonWeb'
2020-03-16 14:20:00.157 [main] INFO  org.springframework.boot.StartupInfoLogger.logStarted(StartupInfoLogger.java:59) - Started Application in 7.028 seconds (JVM running for 12.737)
2020-03-16 14:20:14.262 [http-nio-8088-exec-1] INFO  org.apache.juli.logging.DirectJDKLog.log(DirectJDKLog.java:180) - Initializing Spring FrameworkServlet 'dispatcherServlet'
2020-03-16 14:20:14.263 [http-nio-8088-exec-1] INFO  org.springframework.web.servlet.FrameworkServlet.initServletBean(FrameworkServlet.java:494) - FrameworkServlet 'dispatcherServlet': initialization started
2020-03-16 14:20:14.280 [http-nio-8088-exec-1] INFO  org.springframework.web.servlet.FrameworkServlet.initServletBean(FrameworkServlet.java:509) - FrameworkServlet 'dispatcherServlet': initialization completed in 17 ms
