2020-05-30 16:48:49.606 [main] INFO  org.springframework.boot.StartupInfoLogger.logStarting(StartupInfoLogger.java:55) - Starting Application on DESKTOP-9B1Q9MI with PID 15320 (E:\common_web\target\classes started by wx18 in E:\common_web)
2020-05-30 16:48:49.642 [main] INFO  org.springframework.boot.SpringApplication.logStartupProfileInfo(SpringApplication.java:651) - No active profile set, falling back to default profiles: default
2020-05-30 16:48:50.620 [main] INFO  org.springframework.data.repository.config.RepositoryConfigurationDelegate.registerRepositoriesIn(RepositoryConfigurationDelegate.java:127) - Bootstrapping Spring Data Elasticsearch repositories in DEFAULT mode.
2020-05-30 16:48:50.685 [main] INFO  org.springframework.data.repository.config.RepositoryConfigurationDelegate.registerRepositoriesIn(RepositoryConfigurationDelegate.java:187) - Finished Spring Data repository scanning in 61ms. Found 1 Elasticsearch repository interfaces.
2020-05-30 16:48:50.691 [main] INFO  org.springframework.data.repository.config.RepositoryConfigurationDelegate.registerRepositoriesIn(RepositoryConfigurationDelegate.java:127) - Bootstrapping Spring Data Reactive Elasticsearch repositories in DEFAULT mode.
2020-05-30 16:48:50.700 [main] INFO  org.springframework.data.repository.config.RepositoryConfigurationDelegate.registerRepositoriesIn(RepositoryConfigurationDelegate.java:187) - Finished Spring Data repository scanning in 7ms. Found 0 Reactive Elasticsearch repository interfaces.
2020-05-30 16:48:50.956 [main] INFO  org.springframework.context.support.PostProcessorRegistrationDelegate$BeanPostProcessorChecker.postProcessAfterInitialization(PostProcessorRegistrationDelegate.java:330) - Bean 'asynConfig' of type [com.juxue.config.servlet.AsynConfig$$EnhancerBySpringCGLIB$$cd95518f] is not eligible for getting processed by all BeanPostProcessors (for example: not eligible for auto-proxying)
2020-05-30 16:48:51.315 [main] INFO  org.springframework.boot.web.embedded.tomcat.TomcatWebServer.initialize(TomcatWebServer.java:92) - Tomcat initialized with port(s): 8088 (http)
2020-05-30 16:48:51.323 [main] INFO  org.apache.juli.logging.DirectJDKLog.log(DirectJDKLog.java:173) - Initializing ProtocolHandler ["http-nio-8088"]
2020-05-30 16:48:51.324 [main] INFO  org.apache.juli.logging.DirectJDKLog.log(DirectJDKLog.java:173) - Starting service [Tomcat]
2020-05-30 16:48:51.326 [main] INFO  org.apache.juli.logging.DirectJDKLog.log(DirectJDKLog.java:173) - Starting Servlet engine: [Apache Tomcat/9.0.33]
2020-05-30 16:48:51.434 [main] INFO  org.apache.juli.logging.DirectJDKLog.log(DirectJDKLog.java:173) - Initializing Spring embedded WebApplicationContext
2020-05-30 16:48:51.434 [main] INFO  org.springframework.boot.web.servlet.context.ServletWebServerApplicationContext.prepareWebApplicationContext(ServletWebServerApplicationContext.java:284) - Root WebApplicationContext: initialization completed in 1741 ms
2020-05-30 16:48:51.822 [main] INFO  org.elasticsearch.plugins.PluginsService.logPluginInfo(PluginsService.java:197) - no modules loaded
2020-05-30 16:48:51.823 [main] INFO  org.elasticsearch.plugins.PluginsService.logPluginInfo(PluginsService.java:200) - loaded plugin [org.elasticsearch.index.reindex.ReindexPlugin]
2020-05-30 16:48:51.823 [main] INFO  org.elasticsearch.plugins.PluginsService.logPluginInfo(PluginsService.java:200) - loaded plugin [org.elasticsearch.join.ParentJoinPlugin]
2020-05-30 16:48:51.823 [main] INFO  org.elasticsearch.plugins.PluginsService.logPluginInfo(PluginsService.java:200) - loaded plugin [org.elasticsearch.percolator.PercolatorPlugin]
2020-05-30 16:48:51.823 [main] INFO  org.elasticsearch.plugins.PluginsService.logPluginInfo(PluginsService.java:200) - loaded plugin [org.elasticsearch.script.mustache.MustachePlugin]
2020-05-30 16:48:51.823 [main] INFO  org.elasticsearch.plugins.PluginsService.logPluginInfo(PluginsService.java:200) - loaded plugin [org.elasticsearch.transport.Netty4Plugin]
2020-05-30 16:48:52.753 [main] INFO  org.springframework.data.elasticsearch.client.TransportClientFactoryBean.lambda$buildClient$0(TransportClientFactoryBean.java:88) - Adding transport node : 47.92.1.148:9300
2020-05-30 16:48:54.727 [main] ERROR org.springframework.data.elasticsearch.repository.support.AbstractElasticsearchRepository.<init>(AbstractElasticsearchRepository.java:93) - failed to load elasticsearch nodes : org.elasticsearch.index.mapper.MapperParsingException: analyzer [ik_max_word] not found for field [title]
2020-05-30 16:48:55.081 [main] INFO  com.juxue.config.servlet.AsynConfig.getAsyncExecutor(AsynConfig.java:28) - ----多线程初始化
2020-05-30 16:48:55.081 [main] INFO  org.springframework.scheduling.concurrent.ExecutorConfigurationSupport.initialize(ExecutorConfigurationSupport.java:181) - Initializing ExecutorService
2020-05-30 16:48:55.082 [main] INFO  org.springframework.scheduling.concurrent.ExecutorConfigurationSupport.initialize(ExecutorConfigurationSupport.java:181) - Initializing ExecutorService 'getAsyncExecutor'
2020-05-30 16:48:55.170 [main] INFO  springfox.documentation.spring.web.PropertySourcedRequestMappingHandlerMapping.initHandlerMethods(PropertySourcedRequestMappingHandlerMapping.java:69) - Mapped URL path [/v2/api-docs] onto method [springfox.documentation.swagger2.web.Swagger2Controller#getDocumentation(String, HttpServletRequest)]
2020-05-30 16:48:56.128 [main] INFO  springfox.documentation.spring.web.plugins.DocumentationPluginsBootstrapper.start(DocumentationPluginsBootstrapper.java:160) - Context refreshed
2020-05-30 16:48:56.143 [main] INFO  springfox.documentation.spring.web.plugins.DocumentationPluginsBootstrapper.start(DocumentationPluginsBootstrapper.java:163) - Found 1 custom documentation plugin(s)
2020-05-30 16:48:56.176 [main] INFO  springfox.documentation.spring.web.scanners.ApiListingReferenceScanner.scan(ApiListingReferenceScanner.java:41) - Scanning for api listing references
2020-05-30 16:48:56.311 [main] INFO  org.apache.juli.logging.DirectJDKLog.log(DirectJDKLog.java:173) - Starting ProtocolHandler ["http-nio-8088"]
2020-05-30 16:48:56.352 [main] INFO  org.springframework.boot.web.embedded.tomcat.TomcatWebServer.start(TomcatWebServer.java:204) - Tomcat started on port(s): 8088 (http) with context path '/commonWeb'
2020-05-30 16:48:56.355 [main] INFO  org.springframework.boot.StartupInfoLogger.logStarted(StartupInfoLogger.java:61) - Started Application in 7.227 seconds (JVM running for 9.819)
2020-05-30 16:49:31.720 [http-nio-8088-exec-2] INFO  org.apache.juli.logging.DirectJDKLog.log(DirectJDKLog.java:173) - Initializing Spring DispatcherServlet 'dispatcherServlet'
2020-05-30 16:49:31.720 [http-nio-8088-exec-2] INFO  org.springframework.web.servlet.FrameworkServlet.initServletBean(FrameworkServlet.java:525) - Initializing Servlet 'dispatcherServlet'
2020-05-30 16:49:31.730 [http-nio-8088-exec-2] INFO  org.springframework.web.servlet.FrameworkServlet.initServletBean(FrameworkServlet.java:547) - Completed initialization in 9 ms
2020-05-30 17:20:33.370 [main] INFO  org.springframework.boot.StartupInfoLogger.logStarting(StartupInfoLogger.java:55) - Starting Application on DESKTOP-9B1Q9MI with PID 14828 (E:\common_web\target\classes started by wx18 in E:\common_web)
2020-05-30 17:20:33.374 [main] INFO  org.springframework.boot.SpringApplication.logStartupProfileInfo(SpringApplication.java:651) - No active profile set, falling back to default profiles: default
2020-05-30 17:20:35.290 [main] INFO  org.springframework.data.repository.config.RepositoryConfigurationDelegate.registerRepositoriesIn(RepositoryConfigurationDelegate.java:127) - Bootstrapping Spring Data Elasticsearch repositories in DEFAULT mode.
2020-05-30 17:20:35.402 [main] INFO  org.springframework.data.repository.config.RepositoryConfigurationDelegate.registerRepositoriesIn(RepositoryConfigurationDelegate.java:187) - Finished Spring Data repository scanning in 109ms. Found 1 Elasticsearch repository interfaces.
2020-05-30 17:20:35.417 [main] INFO  org.springframework.data.repository.config.RepositoryConfigurationDelegate.registerRepositoriesIn(RepositoryConfigurationDelegate.java:127) - Bootstrapping Spring Data Reactive Elasticsearch repositories in DEFAULT mode.
2020-05-30 17:20:35.426 [main] INFO  org.springframework.data.repository.config.RepositoryConfigurationDelegate.registerRepositoriesIn(RepositoryConfigurationDelegate.java:187) - Finished Spring Data repository scanning in 8ms. Found 0 Reactive Elasticsearch repository interfaces.
2020-05-30 17:20:35.725 [main] INFO  org.springframework.context.support.PostProcessorRegistrationDelegate$BeanPostProcessorChecker.postProcessAfterInitialization(PostProcessorRegistrationDelegate.java:330) - Bean 'asynConfig' of type [com.juxue.config.servlet.AsynConfig$$EnhancerBySpringCGLIB$$65619349] is not eligible for getting processed by all BeanPostProcessors (for example: not eligible for auto-proxying)
2020-05-30 17:20:36.380 [main] INFO  org.springframework.boot.web.embedded.tomcat.TomcatWebServer.initialize(TomcatWebServer.java:92) - Tomcat initialized with port(s): 8088 (http)
2020-05-30 17:20:36.400 [main] INFO  org.apache.juli.logging.DirectJDKLog.log(DirectJDKLog.java:173) - Initializing ProtocolHandler ["http-nio-8088"]
2020-05-30 17:20:36.401 [main] INFO  org.apache.juli.logging.DirectJDKLog.log(DirectJDKLog.java:173) - Starting service [Tomcat]
2020-05-30 17:20:36.401 [main] INFO  org.apache.juli.logging.DirectJDKLog.log(DirectJDKLog.java:173) - Starting Servlet engine: [Apache Tomcat/9.0.33]
2020-05-30 17:20:36.677 [main] INFO  org.apache.juli.logging.DirectJDKLog.log(DirectJDKLog.java:173) - Initializing Spring embedded WebApplicationContext
2020-05-30 17:20:36.677 [main] INFO  org.springframework.boot.web.servlet.context.ServletWebServerApplicationContext.prepareWebApplicationContext(ServletWebServerApplicationContext.java:284) - Root WebApplicationContext: initialization completed in 3201 ms
2020-05-30 17:20:37.163 [main] INFO  org.elasticsearch.plugins.PluginsService.logPluginInfo(PluginsService.java:197) - no modules loaded
2020-05-30 17:20:37.164 [main] INFO  org.elasticsearch.plugins.PluginsService.logPluginInfo(PluginsService.java:200) - loaded plugin [org.elasticsearch.index.reindex.ReindexPlugin]
2020-05-30 17:20:37.164 [main] INFO  org.elasticsearch.plugins.PluginsService.logPluginInfo(PluginsService.java:200) - loaded plugin [org.elasticsearch.join.ParentJoinPlugin]
2020-05-30 17:20:37.164 [main] INFO  org.elasticsearch.plugins.PluginsService.logPluginInfo(PluginsService.java:200) - loaded plugin [org.elasticsearch.percolator.PercolatorPlugin]
2020-05-30 17:20:37.164 [main] INFO  org.elasticsearch.plugins.PluginsService.logPluginInfo(PluginsService.java:200) - loaded plugin [org.elasticsearch.script.mustache.MustachePlugin]
2020-05-30 17:20:37.164 [main] INFO  org.elasticsearch.plugins.PluginsService.logPluginInfo(PluginsService.java:200) - loaded plugin [org.elasticsearch.transport.Netty4Plugin]
2020-05-30 17:20:39.315 [main] INFO  org.springframework.data.elasticsearch.client.TransportClientFactoryBean.lambda$buildClient$0(TransportClientFactoryBean.java:88) - Adding transport node : 47.92.1.148:9300
2020-05-30 17:20:40.733 [main] ERROR org.springframework.data.elasticsearch.repository.support.AbstractElasticsearchRepository.<init>(AbstractElasticsearchRepository.java:93) - failed to load elasticsearch nodes : org.elasticsearch.index.mapper.MapperParsingException: analyzer [ik_max_word] not found for field [title]
2020-05-30 17:20:41.627 [main] INFO  com.juxue.config.servlet.AsynConfig.getAsyncExecutor(AsynConfig.java:28) - ----多线程初始化
2020-05-30 17:20:41.627 [main] INFO  org.springframework.scheduling.concurrent.ExecutorConfigurationSupport.initialize(ExecutorConfigurationSupport.java:181) - Initializing ExecutorService
2020-05-30 17:20:41.628 [main] INFO  org.springframework.scheduling.concurrent.ExecutorConfigurationSupport.initialize(ExecutorConfigurationSupport.java:181) - Initializing ExecutorService 'getAsyncExecutor'
2020-05-30 17:20:41.912 [main] INFO  springfox.documentation.spring.web.PropertySourcedRequestMappingHandlerMapping.initHandlerMethods(PropertySourcedRequestMappingHandlerMapping.java:69) - Mapped URL path [/v2/api-docs] onto method [springfox.documentation.swagger2.web.Swagger2Controller#getDocumentation(String, HttpServletRequest)]
2020-05-30 17:20:42.848 [main] INFO  springfox.documentation.spring.web.plugins.DocumentationPluginsBootstrapper.start(DocumentationPluginsBootstrapper.java:160) - Context refreshed
2020-05-30 17:20:42.897 [main] INFO  springfox.documentation.spring.web.plugins.DocumentationPluginsBootstrapper.start(DocumentationPluginsBootstrapper.java:163) - Found 1 custom documentation plugin(s)
2020-05-30 17:20:42.938 [main] INFO  springfox.documentation.spring.web.scanners.ApiListingReferenceScanner.scan(ApiListingReferenceScanner.java:41) - Scanning for api listing references
2020-05-30 17:20:43.139 [main] INFO  org.apache.juli.logging.DirectJDKLog.log(DirectJDKLog.java:173) - Starting ProtocolHandler ["http-nio-8088"]
2020-05-30 17:20:43.204 [main] INFO  org.springframework.boot.web.embedded.tomcat.TomcatWebServer.start(TomcatWebServer.java:204) - Tomcat started on port(s): 8088 (http) with context path '/commonWeb'
2020-05-30 17:20:43.214 [main] INFO  org.springframework.boot.StartupInfoLogger.logStarted(StartupInfoLogger.java:61) - Started Application in 10.786 seconds (JVM running for 14.554)
2020-05-30 17:22:46.274 [http-nio-8088-exec-2] INFO  org.apache.juli.logging.DirectJDKLog.log(DirectJDKLog.java:173) - Initializing Spring DispatcherServlet 'dispatcherServlet'
2020-05-30 17:22:46.274 [http-nio-8088-exec-2] INFO  org.springframework.web.servlet.FrameworkServlet.initServletBean(FrameworkServlet.java:525) - Initializing Servlet 'dispatcherServlet'
2020-05-30 17:22:46.286 [http-nio-8088-exec-2] INFO  org.springframework.web.servlet.FrameworkServlet.initServletBean(FrameworkServlet.java:547) - Completed initialization in 12 ms
2020-05-30 17:23:52.688 [main] INFO  org.springframework.boot.StartupInfoLogger.logStarting(StartupInfoLogger.java:55) - Starting Application on DESKTOP-9B1Q9MI with PID 16008 (E:\common_web\target\classes started by wx18 in E:\common_web)
2020-05-30 17:23:52.705 [main] INFO  org.springframework.boot.SpringApplication.logStartupProfileInfo(SpringApplication.java:651) - No active profile set, falling back to default profiles: default
2020-05-30 17:23:53.586 [main] INFO  org.springframework.data.repository.config.RepositoryConfigurationDelegate.registerRepositoriesIn(RepositoryConfigurationDelegate.java:127) - Bootstrapping Spring Data Elasticsearch repositories in DEFAULT mode.
2020-05-30 17:23:53.639 [main] INFO  org.springframework.data.repository.config.RepositoryConfigurationDelegate.registerRepositoriesIn(RepositoryConfigurationDelegate.java:187) - Finished Spring Data repository scanning in 49ms. Found 1 Elasticsearch repository interfaces.
2020-05-30 17:23:53.644 [main] INFO  org.springframework.data.repository.config.RepositoryConfigurationDelegate.registerRepositoriesIn(RepositoryConfigurationDelegate.java:127) - Bootstrapping Spring Data Reactive Elasticsearch repositories in DEFAULT mode.
2020-05-30 17:23:53.650 [main] INFO  org.springframework.data.repository.config.RepositoryConfigurationDelegate.registerRepositoriesIn(RepositoryConfigurationDelegate.java:187) - Finished Spring Data repository scanning in 6ms. Found 0 Reactive Elasticsearch repository interfaces.
2020-05-30 17:23:53.881 [main] INFO  org.springframework.context.support.PostProcessorRegistrationDelegate$BeanPostProcessorChecker.postProcessAfterInitialization(PostProcessorRegistrationDelegate.java:330) - Bean 'asynConfig' of type [com.juxue.config.servlet.AsynConfig$$EnhancerBySpringCGLIB$$8d273f9f] is not eligible for getting processed by all BeanPostProcessors (for example: not eligible for auto-proxying)
2020-05-30 17:23:54.276 [main] INFO  org.springframework.boot.web.embedded.tomcat.TomcatWebServer.initialize(TomcatWebServer.java:92) - Tomcat initialized with port(s): 8088 (http)
2020-05-30 17:23:54.285 [main] INFO  org.apache.juli.logging.DirectJDKLog.log(DirectJDKLog.java:173) - Initializing ProtocolHandler ["http-nio-8088"]
2020-05-30 17:23:54.285 [main] INFO  org.apache.juli.logging.DirectJDKLog.log(DirectJDKLog.java:173) - Starting service [Tomcat]
2020-05-30 17:23:54.286 [main] INFO  org.apache.juli.logging.DirectJDKLog.log(DirectJDKLog.java:173) - Starting Servlet engine: [Apache Tomcat/9.0.33]
2020-05-30 17:23:54.467 [main] INFO  org.apache.juli.logging.DirectJDKLog.log(DirectJDKLog.java:173) - Initializing Spring embedded WebApplicationContext
2020-05-30 17:23:54.468 [main] INFO  org.springframework.boot.web.servlet.context.ServletWebServerApplicationContext.prepareWebApplicationContext(ServletWebServerApplicationContext.java:284) - Root WebApplicationContext: initialization completed in 1668 ms
2020-05-30 17:23:54.791 [main] INFO  org.elasticsearch.plugins.PluginsService.logPluginInfo(PluginsService.java:197) - no modules loaded
2020-05-30 17:23:54.791 [main] INFO  org.elasticsearch.plugins.PluginsService.logPluginInfo(PluginsService.java:200) - loaded plugin [org.elasticsearch.index.reindex.ReindexPlugin]
2020-05-30 17:23:54.792 [main] INFO  org.elasticsearch.plugins.PluginsService.logPluginInfo(PluginsService.java:200) - loaded plugin [org.elasticsearch.join.ParentJoinPlugin]
2020-05-30 17:23:54.792 [main] INFO  org.elasticsearch.plugins.PluginsService.logPluginInfo(PluginsService.java:200) - loaded plugin [org.elasticsearch.percolator.PercolatorPlugin]
2020-05-30 17:23:54.792 [main] INFO  org.elasticsearch.plugins.PluginsService.logPluginInfo(PluginsService.java:200) - loaded plugin [org.elasticsearch.script.mustache.MustachePlugin]
2020-05-30 17:23:54.792 [main] INFO  org.elasticsearch.plugins.PluginsService.logPluginInfo(PluginsService.java:200) - loaded plugin [org.elasticsearch.transport.Netty4Plugin]
2020-05-30 17:23:55.639 [main] INFO  org.springframework.data.elasticsearch.client.TransportClientFactoryBean.lambda$buildClient$0(TransportClientFactoryBean.java:88) - Adding transport node : 47.92.1.148:9300
2020-05-30 17:23:56.337 [main] ERROR org.springframework.data.elasticsearch.repository.support.AbstractElasticsearchRepository.<init>(AbstractElasticsearchRepository.java:93) - failed to load elasticsearch nodes : org.elasticsearch.index.mapper.MapperParsingException: analyzer [ik_max_word] not found for field [title]
2020-05-30 17:23:56.678 [main] INFO  com.juxue.config.servlet.AsynConfig.getAsyncExecutor(AsynConfig.java:28) - ----多线程初始化
2020-05-30 17:23:56.679 [main] INFO  org.springframework.scheduling.concurrent.ExecutorConfigurationSupport.initialize(ExecutorConfigurationSupport.java:181) - Initializing ExecutorService
2020-05-30 17:23:56.679 [main] INFO  org.springframework.scheduling.concurrent.ExecutorConfigurationSupport.initialize(ExecutorConfigurationSupport.java:181) - Initializing ExecutorService 'getAsyncExecutor'
2020-05-30 17:23:56.948 [main] INFO  springfox.documentation.spring.web.PropertySourcedRequestMappingHandlerMapping.initHandlerMethods(PropertySourcedRequestMappingHandlerMapping.java:69) - Mapped URL path [/v2/api-docs] onto method [springfox.documentation.swagger2.web.Swagger2Controller#getDocumentation(String, HttpServletRequest)]
2020-05-30 17:23:57.370 [main] INFO  springfox.documentation.spring.web.plugins.DocumentationPluginsBootstrapper.start(DocumentationPluginsBootstrapper.java:160) - Context refreshed
2020-05-30 17:23:57.387 [main] INFO  springfox.documentation.spring.web.plugins.DocumentationPluginsBootstrapper.start(DocumentationPluginsBootstrapper.java:163) - Found 1 custom documentation plugin(s)
2020-05-30 17:23:57.419 [main] INFO  springfox.documentation.spring.web.scanners.ApiListingReferenceScanner.scan(ApiListingReferenceScanner.java:41) - Scanning for api listing references
2020-05-30 17:23:57.559 [main] INFO  org.apache.juli.logging.DirectJDKLog.log(DirectJDKLog.java:173) - Starting ProtocolHandler ["http-nio-8088"]
2020-05-30 17:23:57.599 [main] INFO  org.springframework.boot.web.embedded.tomcat.TomcatWebServer.start(TomcatWebServer.java:204) - Tomcat started on port(s): 8088 (http) with context path '/commonWeb'
2020-05-30 17:23:57.600 [main] INFO  org.springframework.boot.StartupInfoLogger.logStarted(StartupInfoLogger.java:61) - Started Application in 5.83 seconds (JVM running for 7.489)
2020-05-30 17:24:09.965 [http-nio-8088-exec-2] INFO  org.apache.juli.logging.DirectJDKLog.log(DirectJDKLog.java:173) - Initializing Spring DispatcherServlet 'dispatcherServlet'
2020-05-30 17:24:09.965 [http-nio-8088-exec-2] INFO  org.springframework.web.servlet.FrameworkServlet.initServletBean(FrameworkServlet.java:525) - Initializing Servlet 'dispatcherServlet'
2020-05-30 17:24:09.971 [http-nio-8088-exec-2] INFO  org.springframework.web.servlet.FrameworkServlet.initServletBean(FrameworkServlet.java:547) - Completed initialization in 6 ms
